#! /usr/bin/vvp
:ivl_version "11.0 (stable)";
:ivl_delay_selection "TYPICAL";
:vpi_time_precision + 0;
:vpi_module "/usr/lib/x86_64-linux-gnu/ivl/system.vpi";
:vpi_module "/usr/lib/x86_64-linux-gnu/ivl/vhdl_sys.vpi";
:vpi_module "/usr/lib/x86_64-linux-gnu/ivl/vhdl_textio.vpi";
:vpi_module "/usr/lib/x86_64-linux-gnu/ivl/v2005_math.vpi";
:vpi_module "/usr/lib/x86_64-linux-gnu/ivl/va_math.vpi";
S_0x5575bb5426e0 .scope module, "control_logic" "control_logic" 2 14;
 .timescale 0 0;
    .port_info 0 /INPUT 32 "inst";
    .port_info 1 /INPUT 1 "jump";
    .port_info 2 /OUTPUT 4 "ALUControl";
    .port_info 3 /OUTPUT 3 "dmemMode";
    .port_info 4 /OUTPUT 3 "immSEL";
    .port_info 5 /OUTPUT 2 "regSEL";
    .port_info 6 /OUTPUT 2 "pcSEL";
    .port_info 7 /OUTPUT 1 "dmemWE";
    .port_info 8 /OUTPUT 1 "regWE";
    .port_info 9 /OUTPUT 1 "rs1SEL";
    .port_info 10 /OUTPUT 1 "rs2SEL";
    .port_info 11 /INPUT 1 "clk";
    .port_info 12 /INPUT 1 "reset";
v0x5575bb514760_0 .var "ALUControl", 3 0;
o0x7fdea369f048 .functor BUFZ 1, C4<z>; HiZ drive
v0x5575bb542080_0 .net "clk", 0 0, o0x7fdea369f048;  0 drivers
v0x5575bb542120_0 .var "dmemMode", 2 0;
v0x5575bb543810_0 .var "dmemWE", 0 0;
v0x5575bb543910_0 .net "funct3", 2 0, L_0x5575bb582c30;  1 drivers
v0x5575bb54ed70_0 .net "funct7", 6 0, L_0x5575bb582d20;  1 drivers
v0x5575bb54e2d0_0 .var "immSEL", 2 0;
o0x7fdea369f168 .functor BUFZ 32, C4<zzzzzzzzzzzzzzzzzzzzzzzzzzzzzzzz>; HiZ drive
v0x5575bb576a30_0 .net "inst", 31 0, o0x7fdea369f168;  0 drivers
o0x7fdea369f198 .functor BUFZ 1, C4<z>; HiZ drive
v0x5575bb576b10_0 .net "jump", 0 0, o0x7fdea369f198;  0 drivers
v0x5575bb576bd0_0 .net "opcode", 6 0, L_0x5575bb582b90;  1 drivers
v0x5575bb576cb0_0 .var "pcSEL", 1 0;
v0x5575bb576d90_0 .var "regSEL", 1 0;
v0x5575bb576e70_0 .var "regWE", 0 0;
o0x7fdea369f288 .functor BUFZ 1, C4<z>; HiZ drive
v0x5575bb576f30_0 .net "reset", 0 0, o0x7fdea369f288;  0 drivers
v0x5575bb576ff0_0 .var "rs1SEL", 0 0;
v0x5575bb5770b0_0 .var "rs2SEL", 0 0;
E_0x5575bb4b3a80 .event edge, v0x5575bb576bd0_0, v0x5575bb543910_0, v0x5575bb576b10_0, v0x5575bb54ed70_0;
L_0x5575bb582b90 .part o0x7fdea369f168, 0, 7;
L_0x5575bb582c30 .part o0x7fdea369f168, 12, 3;
L_0x5575bb582d20 .part o0x7fdea369f168, 25, 7;
S_0x5575bb540b50 .scope module, "datapath_tb" "datapath_tb" 3 3;
 .timescale 0 0;
v0x5575bb5814d0_0 .var "ALU_MODE", 3 0;
v0x5575bb581600_0 .var "ALU_mem_EN", 0 0;
v0x5575bb581710_0 .var "addrs_SEL", 0 0;
v0x5575bb581800_0 .var "clk", 0 0;
v0x5575bb5818a0_0 .net "data_mem_READ", 31 0, v0x5575bb581160_0;  1 drivers
v0x5575bb581990_0 .net "data_mem_WRITE", 31 0, L_0x5575bb583d90;  1 drivers
v0x5575bb581a80_0 .var/i "idx", 31 0;
v0x5575bb581b60_0 .var "imm_SEL", 2 0;
v0x5575bb581c70_0 .var "instr_EN", 0 0;
v0x5575bb581da0_0 .var "mem_MODE", 2 0;
v0x5575bb581e60_0 .var "mem_WE", 0 0;
v0x5575bb581f00_0 .net "mem_addrs", 31 0, L_0x5575bb594050;  1 drivers
v0x5575bb581fa0_0 .var "mem_in_EN", 0 0;
v0x5575bb582090_0 .var "pc_EN", 0 0;
v0x5575bb582180_0 .var "pc_SEL", 1 0;
v0x5575bb582270_0 .var "reg_SEL", 1 0;
v0x5575bb582360_0 .var "reg_WE", 0 0;
v0x5575bb582560_0 .var "reset", 0 0;
v0x5575bb582600_0 .var "rs1_SEL", 0 0;
v0x5575bb5826a0_0 .var "rs2_SEL", 0 0;
S_0x5575bb577310 .scope module, "UUT" "datapath" 3 19, 4 15 0, S_0x5575bb540b50;
 .timescale 0 0;
    .port_info 0 /INPUT 1 "clk";
    .port_info 1 /INPUT 1 "reset";
    .port_info 2 /INPUT 1 "reg_WE";
    .port_info 3 /INPUT 1 "rs1_SEL";
    .port_info 4 /INPUT 1 "rs2_SEL";
    .port_info 5 /INPUT 2 "reg_SEL";
    .port_info 6 /INPUT 2 "pc_SEL";
    .port_info 7 /INPUT 3 "imm_SEL";
    .port_info 8 /INPUT 4 "ALU_MODE";
    .port_info 9 /INPUT 1 "addrs_SEL";
    .port_info 10 /INPUT 1 "pc_EN";
    .port_info 11 /INPUT 1 "instr_EN";
    .port_info 12 /INPUT 1 "ALU_mem_EN";
    .port_info 13 /INPUT 1 "mem_in_EN";
    .port_info 14 /INPUT 32 "data_mem_IN";
    .port_info 15 /OUTPUT 32 "data_mem_OUT";
    .port_info 16 /OUTPUT 32 "mem_addrs";
L_0x5575bb5837b0 .functor BUFZ 32, v0x5575bb57cb20_0, C4<00000000000000000000000000000000>, C4<00000000000000000000000000000000>, C4<00000000000000000000000000000000>;
RS_0x7fdea369fd68 .resolv tri, L_0x5575bb594110, L_0x5575bb5942b0;
L_0x5575bb583d90 .functor BUFZ 32, RS_0x7fdea369fd68, C4<00000000000000000000000000000000>, C4<00000000000000000000000000000000>, C4<00000000000000000000000000000000>;
v0x5575bb57ee70_0 .net "ALUResults", 31 0, v0x5575bb578870_0;  1 drivers
v0x5575bb57ef50_0 .net "ALU_MODE", 3 0, v0x5575bb5814d0_0;  1 drivers
v0x5575bb57f010_0 .net "ALU_mem_EN", 0 0, v0x5575bb581600_0;  1 drivers
v0x5575bb57f0e0_0 .net "ExtImm", 31 0, v0x5575bb578c60_0;  1 drivers
v0x5575bb57f210_0 .net "Instr", 31 0, v0x5575bb57c150_0;  1 drivers
v0x5575bb57f2b0_0 .net "PC_next", 31 0, v0x5575bb57cb20_0;  1 drivers
v0x5575bb57f380_0 .net "PC_now", 31 0, v0x5575bb579f20_0;  1 drivers
v0x5575bb57f420_0 .net "addrs_SEL", 0 0, v0x5575bb581710_0;  1 drivers
v0x5575bb57f4c0_0 .net "clk", 0 0, v0x5575bb581800_0;  1 drivers
v0x5575bb57f5f0_0 .net8 "data_bus", 31 0, RS_0x7fdea369fd68;  2 drivers
v0x5575bb57f720_0 .net "data_mem_IN", 31 0, v0x5575bb581160_0;  alias, 1 drivers
v0x5575bb57f7f0_0 .net "data_mem_OUT", 31 0, L_0x5575bb583d90;  alias, 1 drivers
v0x5575bb57f8b0_0 .net "imm_SEL", 2 0, v0x5575bb581b60_0;  1 drivers
v0x5575bb57f9a0_0 .net "instr_EN", 0 0, v0x5575bb581c70_0;  1 drivers
v0x5575bb57fa70_0 .net "mem_addrs", 31 0, L_0x5575bb594050;  alias, 1 drivers
v0x5575bb57fb40_0 .net "mem_in_EN", 0 0, v0x5575bb581fa0_0;  1 drivers
v0x5575bb57fc10_0 .net "muxrs1", 31 0, L_0x5575bb5838c0;  1 drivers
v0x5575bb57fcb0_0 .net "muxrs2", 31 0, L_0x5575bb5839f0;  1 drivers
v0x5575bb57fd50_0 .net "pc", 31 0, L_0x5575bb5837b0;  1 drivers
v0x5575bb57fdf0_0 .net "pcPlusImm", 31 0, L_0x5575bb593ea0;  1 drivers
v0x5575bb57feb0_0 .net "pc_EN", 0 0, v0x5575bb582090_0;  1 drivers
v0x5575bb57ff50_0 .net "pc_SEL", 1 0, v0x5575bb582180_0;  1 drivers
v0x5575bb57fff0_0 .net "pcplus4", 31 0, L_0x5575bb583cf0;  1 drivers
v0x5575bb580090_0 .net "rdout1", 31 0, L_0x5575bb583060;  1 drivers
v0x5575bb580150_0 .net "rdout2", 31 0, L_0x5575bb583330;  1 drivers
v0x5575bb580210_0 .net "reg_SEL", 1 0, v0x5575bb582270_0;  1 drivers
v0x5575bb5802d0_0 .net "reg_WE", 0 0, v0x5575bb582360_0;  1 drivers
v0x5575bb580370_0 .net "reset", 0 0, v0x5575bb582560_0;  1 drivers
v0x5575bb580410_0 .net "rs1_SEL", 0 0, v0x5575bb582600_0;  1 drivers
v0x5575bb5804e0_0 .net "rs2_SEL", 0 0, v0x5575bb5826a0_0;  1 drivers
v0x5575bb5805b0_0 .net "wrs3", 31 0, v0x5575bb57a9b0_0;  1 drivers
L_0x5575bb583430 .part v0x5575bb57c150_0, 15, 5;
L_0x5575bb583520 .part v0x5575bb57c150_0, 20, 5;
L_0x5575bb5836a0 .part v0x5575bb57c150_0, 7, 5;
L_0x5575bb583820 .part v0x5575bb57c150_0, 7, 25;
S_0x5575bb577660 .scope module, "ADDER_Imm" "adder" 4 130, 5 16 0, S_0x5575bb577310;
 .timescale 0 0;
    .port_info 0 /INPUT 32 "a";
    .port_info 1 /INPUT 32 "b";
    .port_info 2 /OUTPUT 32 "y";
P_0x5575bb514510 .param/l "WIDTH" 0 5 17, +C4<00000000000000000000000000100000>;
v0x5575bb5778d0_0 .net "a", 31 0, L_0x5575bb5837b0;  alias, 1 drivers
v0x5575bb5779d0_0 .net "b", 31 0, v0x5575bb578c60_0;  alias, 1 drivers
v0x5575bb577ab0_0 .net "y", 31 0, L_0x5575bb593ea0;  alias, 1 drivers
L_0x5575bb593ea0 .arith/sum 32, L_0x5575bb5837b0, v0x5575bb578c60_0;
S_0x5575bb577bf0 .scope module, "ADDER_plus4" "adder" 4 109, 5 16 0, S_0x5575bb577310;
 .timescale 0 0;
    .port_info 0 /INPUT 32 "a";
    .port_info 1 /INPUT 32 "b";
    .port_info 2 /OUTPUT 32 "y";
P_0x5575bb577dd0 .param/l "WIDTH" 0 5 17, +C4<00000000000000000000000000100000>;
L_0x7fdea36560a8 .functor BUFT 1, C4<00000000000000000000000000000100>, C4<0>, C4<0>, C4<0>;
v0x5575bb577ec0_0 .net "a", 31 0, L_0x7fdea36560a8;  1 drivers
v0x5575bb577fc0_0 .net "b", 31 0, L_0x5575bb5837b0;  alias, 1 drivers
v0x5575bb578080_0 .net "y", 31 0, L_0x5575bb583cf0;  alias, 1 drivers
L_0x5575bb583cf0 .arith/sum 32, L_0x7fdea36560a8, L_0x5575bb5837b0;
S_0x5575bb5781a0 .scope module, "ALU" "alu32" 4 103, 6 16 0, S_0x5575bb577310;
 .timescale 0 0;
    .port_info 0 /INPUT 32 "a";
    .port_info 1 /INPUT 32 "b";
    .port_info 2 /INPUT 4 "ALUControl";
    .port_info 3 /OUTPUT 32 "result";
L_0x5575bb583ab0 .functor BUFZ 32, L_0x5575bb5838c0, C4<00000000000000000000000000000000>, C4<00000000000000000000000000000000>, C4<00000000000000000000000000000000>;
L_0x5575bb583bd0 .functor BUFZ 32, L_0x5575bb5839f0, C4<00000000000000000000000000000000>, C4<00000000000000000000000000000000>, C4<00000000000000000000000000000000>;
v0x5575bb5783b0_0 .net "ALUControl", 3 0, v0x5575bb5814d0_0;  alias, 1 drivers
v0x5575bb578490_0 .net "a", 31 0, L_0x5575bb5838c0;  alias, 1 drivers
v0x5575bb578570_0 .net/s "a_signed", 31 0, L_0x5575bb583ab0;  1 drivers
v0x5575bb578660_0 .net "b", 31 0, L_0x5575bb5839f0;  alias, 1 drivers
v0x5575bb578740_0 .net/s "b_signed", 31 0, L_0x5575bb583bd0;  1 drivers
v0x5575bb578870_0 .var "result", 31 0;
E_0x5575bb487e10/0 .event edge, v0x5575bb5783b0_0, v0x5575bb578490_0, v0x5575bb578660_0, v0x5575bb578570_0;
E_0x5575bb487e10/1 .event edge, v0x5575bb578740_0;
E_0x5575bb487e10 .event/or E_0x5575bb487e10/0, E_0x5575bb487e10/1;
S_0x5575bb5789d0 .scope module, "EXTND_Imm" "extend" 4 86, 7 16 0, S_0x5575bb577310;
 .timescale 0 0;
    .port_info 0 /INPUT 25 "Instr";
    .port_info 1 /INPUT 3 "ImmSrc";
    .port_info 2 /OUTPUT 32 "ExtImm";
v0x5575bb578c60_0 .var "ExtImm", 31 0;
v0x5575bb578d40_0 .net "ImmSrc", 2 0, v0x5575bb581b60_0;  alias, 1 drivers
v0x5575bb578e00_0 .net "Instr", 24 0, L_0x5575bb583820;  1 drivers
E_0x5575bb487b10 .event edge, v0x5575bb578e00_0, v0x5575bb578d40_0;
S_0x5575bb578f70 .scope module, "MUX_mem_addrs" "mux2" 4 136, 8 16 0, S_0x5575bb577310;
 .timescale 0 0;
    .port_info 0 /INPUT 32 "a";
    .port_info 1 /INPUT 32 "b";
    .port_info 2 /INPUT 1 "sel";
    .port_info 3 /OUTPUT 32 "y";
P_0x5575bb5791a0 .param/l "WIDTH" 0 8 17, +C4<00000000000000000000000000100000>;
v0x5575bb5792e0_0 .net "a", 31 0, L_0x5575bb583330;  alias, 1 drivers
v0x5575bb5793c0_0 .net "b", 31 0, L_0x5575bb5837b0;  alias, 1 drivers
v0x5575bb5794d0_0 .net "sel", 0 0, v0x5575bb581710_0;  alias, 1 drivers
v0x5575bb579570_0 .net "y", 31 0, L_0x5575bb594050;  alias, 1 drivers
L_0x5575bb594050 .functor MUXZ 32, L_0x5575bb583330, L_0x5575bb5837b0, v0x5575bb581710_0, C4<>;
S_0x5575bb579700 .scope module, "MUX_pc" "mux4" 4 122, 9 16 0, S_0x5575bb577310;
 .timescale 0 0;
    .port_info 0 /INPUT 32 "a";
    .port_info 1 /INPUT 32 "b";
    .port_info 2 /INPUT 32 "c";
    .port_info 3 /INPUT 32 "d";
    .port_info 4 /INPUT 2 "sel";
    .port_info 5 /OUTPUT 32 "y";
P_0x5575bb5798e0 .param/l "WIDTH" 0 9 17, +C4<00000000000000000000000000100000>;
v0x5575bb579a70_0 .net "a", 31 0, L_0x5575bb583cf0;  alias, 1 drivers
v0x5575bb579b80_0 .net "b", 31 0, v0x5575bb578870_0;  alias, 1 drivers
v0x5575bb579c50_0 .net "c", 31 0, L_0x5575bb593ea0;  alias, 1 drivers
L_0x7fdea36560f0 .functor BUFT 1, C4<xxxxxxxxxxxxxxxxxxxxxxxxxxxxxxxx>, C4<0>, C4<0>, C4<0>;
v0x5575bb579d50_0 .net "d", 31 0, L_0x7fdea36560f0;  1 drivers
v0x5575bb579df0_0 .net "sel", 1 0, v0x5575bb582180_0;  alias, 1 drivers
v0x5575bb579f20_0 .var "y", 31 0;
E_0x5575bb55ff10/0 .event edge, v0x5575bb579df0_0, v0x5575bb578080_0, v0x5575bb578870_0, v0x5575bb577ab0_0;
E_0x5575bb55ff10/1 .event edge, v0x5575bb579d50_0;
E_0x5575bb55ff10 .event/or E_0x5575bb55ff10/0, E_0x5575bb55ff10/1;
S_0x5575bb57a0c0 .scope module, "MUX_regfile" "mux4" 4 114, 9 16 0, S_0x5575bb577310;
 .timescale 0 0;
    .port_info 0 /INPUT 32 "a";
    .port_info 1 /INPUT 32 "b";
    .port_info 2 /INPUT 32 "c";
    .port_info 3 /INPUT 32 "d";
    .port_info 4 /INPUT 2 "sel";
    .port_info 5 /OUTPUT 32 "y";
P_0x5575bb57a2a0 .param/l "WIDTH" 0 9 17, +C4<00000000000000000000000000100000>;
v0x5575bb57a470_0 .net8 "a", 31 0, RS_0x7fdea369fd68;  alias, 2 drivers
v0x5575bb57a570_0 .net "b", 31 0, v0x5575bb578870_0;  alias, 1 drivers
v0x5575bb57a680_0 .net "c", 31 0, v0x5575bb578c60_0;  alias, 1 drivers
v0x5575bb57a770_0 .net "d", 31 0, L_0x5575bb583cf0;  alias, 1 drivers
v0x5575bb57a880_0 .net "sel", 1 0, v0x5575bb582270_0;  alias, 1 drivers
v0x5575bb57a9b0_0 .var "y", 31 0;
E_0x5575bb57a3e0/0 .event edge, v0x5575bb57a880_0, v0x5575bb57a470_0, v0x5575bb578870_0, v0x5575bb5779d0_0;
E_0x5575bb57a3e0/1 .event edge, v0x5575bb578080_0;
E_0x5575bb57a3e0 .event/or E_0x5575bb57a3e0/0, E_0x5575bb57a3e0/1;
S_0x5575bb57ab90 .scope module, "MUX_rs1" "mux2" 4 91, 8 16 0, S_0x5575bb577310;
 .timescale 0 0;
    .port_info 0 /INPUT 32 "a";
    .port_info 1 /INPUT 32 "b";
    .port_info 2 /INPUT 1 "sel";
    .port_info 3 /OUTPUT 32 "y";
P_0x5575bb57ad70 .param/l "WIDTH" 0 8 17, +C4<00000000000000000000000000100000>;
v0x5575bb57ae80_0 .net "a", 31 0, L_0x5575bb583060;  alias, 1 drivers
v0x5575bb57af80_0 .net "b", 31 0, L_0x5575bb5837b0;  alias, 1 drivers
v0x5575bb57b040_0 .net "sel", 0 0, v0x5575bb582600_0;  alias, 1 drivers
v0x5575bb57b0e0_0 .net "y", 31 0, L_0x5575bb5838c0;  alias, 1 drivers
L_0x5575bb5838c0 .functor MUXZ 32, L_0x5575bb583060, L_0x5575bb5837b0, v0x5575bb582600_0, C4<>;
S_0x5575bb57b260 .scope module, "MUX_rs2" "mux2" 4 97, 8 16 0, S_0x5575bb577310;
 .timescale 0 0;
    .port_info 0 /INPUT 32 "a";
    .port_info 1 /INPUT 32 "b";
    .port_info 2 /INPUT 1 "sel";
    .port_info 3 /OUTPUT 32 "y";
P_0x5575bb579150 .param/l "WIDTH" 0 8 17, +C4<00000000000000000000000000100000>;
v0x5575bb57b5c0_0 .net "a", 31 0, L_0x5575bb583330;  alias, 1 drivers
v0x5575bb57b6d0_0 .net "b", 31 0, v0x5575bb578c60_0;  alias, 1 drivers
v0x5575bb57b770_0 .net "sel", 0 0, v0x5575bb5826a0_0;  alias, 1 drivers
v0x5575bb57b840_0 .net "y", 31 0, L_0x5575bb5839f0;  alias, 1 drivers
L_0x5575bb5839f0 .functor MUXZ 32, L_0x5575bb583330, v0x5575bb578c60_0, v0x5575bb5826a0_0, C4<>;
S_0x5575bb57b9c0 .scope module, "REG_instr" "flopren" 4 60, 10 14 0, S_0x5575bb577310;
 .timescale 0 0;
    .port_info 0 /INPUT 32 "d";
    .port_info 1 /OUTPUT 32 "q";
    .port_info 2 /INPUT 1 "clk";
    .port_info 3 /INPUT 1 "enable";
    .port_info 4 /INPUT 1 "reset";
P_0x5575bb57b490 .param/l "INIT" 0 10 16, +C4<00000000000000000000000000000000>;
P_0x5575bb57b4d0 .param/l "WIDTH" 0 10 15, +C4<00000000000000000000000000100000>;
v0x5575bb57bdf0_0 .net "clk", 0 0, v0x5575bb581800_0;  alias, 1 drivers
v0x5575bb57bed0_0 .net8 "d", 31 0, RS_0x7fdea369fd68;  alias, 2 drivers
v0x5575bb57bfc0_0 .net "enable", 0 0, v0x5575bb581c70_0;  alias, 1 drivers
v0x5575bb57c090_0 .net "q", 31 0, v0x5575bb57c150_0;  alias, 1 drivers
v0x5575bb57c150_0 .var "q_n", 31 0;
v0x5575bb57c280_0 .net "reset", 0 0, v0x5575bb582560_0;  alias, 1 drivers
E_0x5575bb55f910 .event posedge, v0x5575bb57c280_0, v0x5575bb57bdf0_0;
S_0x5575bb57c3e0 .scope module, "REG_pc" "flopren" 4 78, 10 14 0, S_0x5575bb577310;
 .timescale 0 0;
    .port_info 0 /INPUT 32 "d";
    .port_info 1 /OUTPUT 32 "q";
    .port_info 2 /INPUT 1 "clk";
    .port_info 3 /INPUT 1 "enable";
    .port_info 4 /INPUT 1 "reset";
P_0x5575bb57bbf0 .param/l "INIT" 0 10 16, +C4<00000000000000000000000000000000>;
P_0x5575bb57bc30 .param/l "WIDTH" 0 10 15, +C4<00000000000000000000000000100000>;
v0x5575bb57c7d0_0 .net "clk", 0 0, v0x5575bb581800_0;  alias, 1 drivers
v0x5575bb57c8c0_0 .net "d", 31 0, v0x5575bb579f20_0;  alias, 1 drivers
v0x5575bb57c990_0 .net "enable", 0 0, v0x5575bb582090_0;  alias, 1 drivers
v0x5575bb57ca60_0 .net "q", 31 0, v0x5575bb57cb20_0;  alias, 1 drivers
v0x5575bb57cb20_0 .var "q_n", 31 0;
v0x5575bb57cc50_0 .net "reset", 0 0, v0x5575bb582560_0;  alias, 1 drivers
S_0x5575bb57cda0 .scope module, "TRIBUF_ALU" "tri_buf" 4 150, 11 15 0, S_0x5575bb577310;
 .timescale 0 0;
    .port_info 0 /INPUT 32 "data_in";
    .port_info 1 /INOUT 32 "data_out";
    .port_info 2 /INPUT 1 "enable";
P_0x5575bb57cf80 .param/l "WIDTH" 0 11 16, +C4<00000000000000000000000000100000>;
o0x7fdea36a0488 .functor BUFZ 32, C4<zzzzzzzzzzzzzzzzzzzzzzzzzzzzzzzz>; HiZ drive
; Elide local net with no drivers, v0x5575bb57d090_0 name=_ivl_0
v0x5575bb57d190_0 .net "data_in", 31 0, v0x5575bb578870_0;  alias, 1 drivers
v0x5575bb57d250_0 .net8 "data_out", 31 0, RS_0x7fdea369fd68;  alias, 2 drivers
v0x5575bb57d370_0 .net "enable", 0 0, v0x5575bb581600_0;  alias, 1 drivers
L_0x5575bb5942b0 .functor MUXZ 32, o0x7fdea36a0488, v0x5575bb578870_0, v0x5575bb581600_0, C4<>;
S_0x5575bb57d4b0 .scope module, "TRIBUF_mem" "tri_buf" 4 144, 11 15 0, S_0x5575bb577310;
 .timescale 0 0;
    .port_info 0 /INPUT 32 "data_in";
    .port_info 1 /INOUT 32 "data_out";
    .port_info 2 /INPUT 1 "enable";
P_0x5575bb57d690 .param/l "WIDTH" 0 11 16, +C4<00000000000000000000000000100000>;
o0x7fdea36a0578 .functor BUFZ 32, C4<zzzzzzzzzzzzzzzzzzzzzzzzzzzzzzzz>; HiZ drive
; Elide local net with no drivers, v0x5575bb57d780_0 name=_ivl_0
v0x5575bb57d880_0 .net "data_in", 31 0, v0x5575bb581160_0;  alias, 1 drivers
v0x5575bb57d960_0 .net8 "data_out", 31 0, RS_0x7fdea369fd68;  alias, 2 drivers
v0x5575bb57da30_0 .net "enable", 0 0, v0x5575bb581fa0_0;  alias, 1 drivers
L_0x5575bb594110 .functor MUXZ 32, o0x7fdea36a0578, v0x5575bb581160_0, v0x5575bb581fa0_0, C4<>;
S_0x5575bb57db70 .scope module, "regFILE" "regfile" 4 67, 12 15 0, S_0x5575bb577310;
 .timescale 0 0;
    .port_info 0 /INPUT 5 "rs1";
    .port_info 1 /INPUT 5 "rs2";
    .port_info 2 /INPUT 32 "wrs3";
    .port_info 3 /INPUT 5 "rd";
    .port_info 4 /INPUT 1 "we";
    .port_info 5 /INPUT 1 "clk";
    .port_info 6 /INPUT 1 "reset";
    .port_info 7 /OUTPUT 32 "rdout1";
    .port_info 8 /OUTPUT 32 "rdout2";
L_0x5575bb583060 .functor BUFZ 32, L_0x5575bb582e80, C4<00000000000000000000000000000000>, C4<00000000000000000000000000000000>, C4<00000000000000000000000000000000>;
L_0x5575bb583330 .functor BUFZ 32, L_0x5575bb583120, C4<00000000000000000000000000000000>, C4<00000000000000000000000000000000>, C4<00000000000000000000000000000000>;
v0x5575bb57de80_0 .net *"_ivl_0", 31 0, L_0x5575bb582e80;  1 drivers
v0x5575bb57df60_0 .net *"_ivl_10", 6 0, L_0x5575bb5831c0;  1 drivers
L_0x7fdea3656060 .functor BUFT 1, C4<00>, C4<0>, C4<0>, C4<0>;
v0x5575bb57e040_0 .net *"_ivl_13", 1 0, L_0x7fdea3656060;  1 drivers
v0x5575bb57e130_0 .net *"_ivl_2", 6 0, L_0x5575bb582f20;  1 drivers
L_0x7fdea3656018 .functor BUFT 1, C4<00>, C4<0>, C4<0>, C4<0>;
v0x5575bb57e210_0 .net *"_ivl_5", 1 0, L_0x7fdea3656018;  1 drivers
v0x5575bb57e340_0 .net *"_ivl_8", 31 0, L_0x5575bb583120;  1 drivers
v0x5575bb57e420_0 .net "clk", 0 0, v0x5575bb581800_0;  alias, 1 drivers
v0x5575bb57e510_0 .var/i "i", 31 0;
v0x5575bb57e5f0_0 .net "rd", 4 0, L_0x5575bb5836a0;  1 drivers
v0x5575bb57e6d0_0 .net "rdout1", 31 0, L_0x5575bb583060;  alias, 1 drivers
v0x5575bb57e790_0 .net "rdout2", 31 0, L_0x5575bb583330;  alias, 1 drivers
v0x5575bb57e830_0 .net "reset", 0 0, v0x5575bb582560_0;  alias, 1 drivers
v0x5575bb57e920_0 .net "rs1", 4 0, L_0x5575bb583430;  1 drivers
v0x5575bb57ea00_0 .net "rs2", 4 0, L_0x5575bb583520;  1 drivers
v0x5575bb57eae0_0 .net "we", 0 0, v0x5575bb582360_0;  alias, 1 drivers
v0x5575bb57eba0_0 .net "wrs3", 31 0, v0x5575bb57a9b0_0;  alias, 1 drivers
v0x5575bb57ec60 .array "x", 0 31, 31 0;
L_0x5575bb582e80 .array/port v0x5575bb57ec60, L_0x5575bb582f20;
L_0x5575bb582f20 .concat [ 5 2 0 0], L_0x5575bb583430, L_0x7fdea3656018;
L_0x5575bb583120 .array/port v0x5575bb57ec60, L_0x5575bb5831c0;
L_0x5575bb5831c0 .concat [ 5 2 0 0], L_0x5575bb583520, L_0x7fdea3656060;
S_0x5575bb5808f0 .scope module, "memory_Unit" "mem" 3 39, 13 17 0, S_0x5575bb540b50;
 .timescale 0 0;
    .port_info 0 /INPUT 32 "a";
    .port_info 1 /OUTPUT 32 "rd";
    .port_info 2 /INPUT 32 "wd";
    .port_info 3 /INPUT 1 "clk";
    .port_info 4 /INPUT 1 "we";
    .port_info 5 /INPUT 3 "mode";
P_0x5575bb4f1010 .param/str "INITIAL_DATA_PATH" 0 13 25, "../../source/mem.dat";
P_0x5575bb4f1050 .param/l "LOAD_DATA" 0 13 26, +C4<00000000000000000000000000000001>;
v0x5575bb580e10_0 .net "a", 31 0, L_0x5575bb594050;  alias, 1 drivers
v0x5575bb580f40_0 .net "clk", 0 0, v0x5575bb581800_0;  alias, 1 drivers
v0x5575bb581000 .array "mem", 255 0, 7 0;
v0x5575bb5810a0_0 .net "mode", 2 0, v0x5575bb581da0_0;  1 drivers
v0x5575bb581160_0 .var "rd", 31 0;
v0x5575bb581270_0 .net "wd", 31 0, L_0x5575bb583d90;  alias, 1 drivers
v0x5575bb581330_0 .net "we", 0 0, v0x5575bb581e60_0;  1 drivers
E_0x5575bb580d30/0 .event edge, v0x5575bb5810a0_0, v0x5575bb579570_0;
E_0x5575bb580d30/1 .event posedge, v0x5575bb57bdf0_0;
E_0x5575bb580d30 .event/or E_0x5575bb580d30/0, E_0x5575bb580d30/1;
E_0x5575bb580db0 .event posedge, v0x5575bb57bdf0_0;
S_0x5575bb53fd30 .scope module, "flopr" "flopr" 14 15;
 .timescale 0 0;
    .port_info 0 /INPUT 32 "d";
    .port_info 1 /OUTPUT 32 "q";
    .port_info 2 /INPUT 1 "clk";
    .port_info 3 /INPUT 1 "reset";
P_0x5575bb54e980 .param/l "INIT" 0 14 17, +C4<00000000000000000000000000000000>;
P_0x5575bb54e9c0 .param/l "WIDTH" 0 14 16, +C4<00000000000000000000000000100000>;
o0x7fdea36a0f68 .functor BUFZ 1, C4<z>; HiZ drive
v0x5575bb5827d0_0 .net "clk", 0 0, o0x7fdea36a0f68;  0 drivers
o0x7fdea36a0f98 .functor BUFZ 32, C4<zzzzzzzzzzzzzzzzzzzzzzzzzzzzzzzz>; HiZ drive
v0x5575bb5828b0_0 .net "d", 31 0, o0x7fdea36a0f98;  0 drivers
v0x5575bb582990_0 .var "q", 31 0;
o0x7fdea36a0ff8 .functor BUFZ 1, C4<z>; HiZ drive
v0x5575bb582a50_0 .net "reset", 0 0, o0x7fdea36a0ff8;  0 drivers
E_0x5575bb580c50 .event posedge, v0x5575bb582a50_0, v0x5575bb5827d0_0;
    .scope S_0x5575bb5426e0;
T_0 ;
    %pushi/vec4 0, 0, 3;
    %assign/vec4 v0x5575bb542120_0, 0;
    %pushi/vec4 0, 0, 1;
    %assign/vec4 v0x5575bb543810_0, 0;
    %pushi/vec4 0, 0, 1;
    %assign/vec4 v0x5575bb576e70_0, 0;
    %pushi/vec4 0, 0, 1;
    %assign/vec4 v0x5575bb576ff0_0, 0;
    %pushi/vec4 0, 0, 1;
    %assign/vec4 v0x5575bb5770b0_0, 0;
    %pushi/vec4 0, 0, 2;
    %assign/vec4 v0x5575bb576d90_0, 0;
    %pushi/vec4 0, 0, 2;
    %assign/vec4 v0x5575bb576cb0_0, 0;
    %pushi/vec4 0, 0, 3;
    %assign/vec4 v0x5575bb54e2d0_0, 0;
    %pushi/vec4 0, 0, 4;
    %assign/vec4 v0x5575bb514760_0, 0;
    %end;
    .thread T_0;
    .scope S_0x5575bb5426e0;
T_1 ;
    %wait E_0x5575bb4b3a80;
    %load/vec4 v0x5575bb576bd0_0;
    %dup/vec4;
    %pushi/vec4 55, 0, 7;
    %cmp/u;
    %jmp/1 T_1.0, 6;
    %dup/vec4;
    %pushi/vec4 23, 0, 7;
    %cmp/u;
    %jmp/1 T_1.1, 6;
    %dup/vec4;
    %pushi/vec4 111, 0, 7;
    %cmp/u;
    %jmp/1 T_1.2, 6;
    %dup/vec4;
    %pushi/vec4 103, 0, 7;
    %cmp/u;
    %jmp/1 T_1.3, 6;
    %dup/vec4;
    %pushi/vec4 99, 0, 7;
    %cmp/u;
    %jmp/1 T_1.4, 6;
    %dup/vec4;
    %pushi/vec4 3, 0, 7;
    %cmp/u;
    %jmp/1 T_1.5, 6;
    %dup/vec4;
    %pushi/vec4 35, 0, 7;
    %cmp/u;
    %jmp/1 T_1.6, 6;
    %dup/vec4;
    %pushi/vec4 19, 0, 7;
    %cmp/u;
    %jmp/1 T_1.7, 6;
    %dup/vec4;
    %pushi/vec4 51, 0, 7;
    %cmp/u;
    %jmp/1 T_1.8, 6;
    %pushi/vec4 0, 0, 3;
    %assign/vec4 v0x5575bb542120_0, 0;
    %pushi/vec4 0, 0, 1;
    %assign/vec4 v0x5575bb543810_0, 0;
    %pushi/vec4 0, 0, 1;
    %assign/vec4 v0x5575bb576e70_0, 0;
    %pushi/vec4 0, 0, 1;
    %assign/vec4 v0x5575bb576ff0_0, 0;
    %pushi/vec4 0, 0, 1;
    %assign/vec4 v0x5575bb5770b0_0, 0;
    %pushi/vec4 0, 0, 2;
    %assign/vec4 v0x5575bb576d90_0, 0;
    %pushi/vec4 0, 0, 2;
    %assign/vec4 v0x5575bb576cb0_0, 0;
    %pushi/vec4 0, 0, 3;
    %assign/vec4 v0x5575bb54e2d0_0, 0;
    %pushi/vec4 0, 0, 4;
    %assign/vec4 v0x5575bb514760_0, 0;
    %jmp T_1.10;
T_1.0 ;
    %pushi/vec4 0, 0, 3;
    %assign/vec4 v0x5575bb542120_0, 0;
    %pushi/vec4 0, 0, 1;
    %assign/vec4 v0x5575bb543810_0, 0;
    %pushi/vec4 0, 0, 1;
    %assign/vec4 v0x5575bb576ff0_0, 0;
    %pushi/vec4 0, 0, 1;
    %assign/vec4 v0x5575bb5770b0_0, 0;
    %pushi/vec4 2, 0, 2;
    %assign/vec4 v0x5575bb576d90_0, 0;
    %pushi/vec4 0, 0, 2;
    %assign/vec4 v0x5575bb576cb0_0, 0;
    %pushi/vec4 0, 0, 3;
    %assign/vec4 v0x5575bb54e2d0_0, 0;
    %pushi/vec4 0, 0, 4;
    %assign/vec4 v0x5575bb514760_0, 0;
    %pushi/vec4 1, 0, 1;
    %assign/vec4 v0x5575bb576e70_0, 0;
    %jmp T_1.10;
T_1.1 ;
    %pushi/vec4 0, 0, 3;
    %assign/vec4 v0x5575bb542120_0, 0;
    %pushi/vec4 0, 0, 1;
    %assign/vec4 v0x5575bb543810_0, 0;
    %pushi/vec4 1, 0, 1;
    %assign/vec4 v0x5575bb576e70_0, 0;
    %pushi/vec4 1, 0, 1;
    %assign/vec4 v0x5575bb576ff0_0, 0;
    %pushi/vec4 1, 0, 1;
    %assign/vec4 v0x5575bb5770b0_0, 0;
    %pushi/vec4 1, 0, 2;
    %assign/vec4 v0x5575bb576d90_0, 0;
    %pushi/vec4 0, 0, 2;
    %assign/vec4 v0x5575bb576cb0_0, 0;
    %pushi/vec4 0, 0, 3;
    %assign/vec4 v0x5575bb54e2d0_0, 0;
    %pushi/vec4 0, 0, 4;
    %assign/vec4 v0x5575bb514760_0, 0;
    %jmp T_1.10;
T_1.2 ;
    %pushi/vec4 0, 0, 3;
    %assign/vec4 v0x5575bb542120_0, 0;
    %pushi/vec4 0, 0, 1;
    %assign/vec4 v0x5575bb543810_0, 0;
    %pushi/vec4 1, 0, 1;
    %assign/vec4 v0x5575bb576e70_0, 0;
    %pushi/vec4 0, 0, 1;
    %assign/vec4 v0x5575bb576ff0_0, 0;
    %pushi/vec4 0, 0, 1;
    %assign/vec4 v0x5575bb5770b0_0, 0;
    %pushi/vec4 3, 0, 2;
    %assign/vec4 v0x5575bb576d90_0, 0;
    %pushi/vec4 2, 0, 2;
    %assign/vec4 v0x5575bb576cb0_0, 0;
    %pushi/vec4 4, 0, 3;
    %assign/vec4 v0x5575bb54e2d0_0, 0;
    %pushi/vec4 0, 0, 4;
    %assign/vec4 v0x5575bb514760_0, 0;
    %jmp T_1.10;
T_1.3 ;
    %pushi/vec4 0, 0, 3;
    %assign/vec4 v0x5575bb542120_0, 0;
    %pushi/vec4 0, 0, 1;
    %assign/vec4 v0x5575bb543810_0, 0;
    %pushi/vec4 1, 0, 1;
    %assign/vec4 v0x5575bb576e70_0, 0;
    %pushi/vec4 0, 0, 1;
    %assign/vec4 v0x5575bb576ff0_0, 0;
    %pushi/vec4 1, 0, 1;
    %assign/vec4 v0x5575bb5770b0_0, 0;
    %pushi/vec4 3, 0, 2;
    %assign/vec4 v0x5575bb576d90_0, 0;
    %pushi/vec4 1, 0, 2;
    %assign/vec4 v0x5575bb576cb0_0, 0;
    %pushi/vec4 3, 0, 3;
    %assign/vec4 v0x5575bb54e2d0_0, 0;
    %pushi/vec4 13, 0, 4;
    %assign/vec4 v0x5575bb514760_0, 0;
    %jmp T_1.10;
T_1.4 ;
    %load/vec4 v0x5575bb543910_0;
    %dup/vec4;
    %pushi/vec4 0, 0, 3;
    %cmp/u;
    %jmp/1 T_1.11, 6;
    %dup/vec4;
    %pushi/vec4 1, 0, 3;
    %cmp/u;
    %jmp/1 T_1.12, 6;
    %dup/vec4;
    %pushi/vec4 4, 0, 3;
    %cmp/u;
    %jmp/1 T_1.13, 6;
    %dup/vec4;
    %pushi/vec4 5, 0, 3;
    %cmp/u;
    %jmp/1 T_1.14, 6;
    %dup/vec4;
    %pushi/vec4 6, 0, 3;
    %cmp/u;
    %jmp/1 T_1.15, 6;
    %dup/vec4;
    %pushi/vec4 7, 0, 3;
    %cmp/u;
    %jmp/1 T_1.16, 6;
    %jmp T_1.17;
T_1.11 ;
    %pushi/vec4 0, 0, 3;
    %assign/vec4 v0x5575bb542120_0, 0;
    %pushi/vec4 0, 0, 1;
    %assign/vec4 v0x5575bb543810_0, 0;
    %pushi/vec4 0, 0, 1;
    %assign/vec4 v0x5575bb576e70_0, 0;
    %pushi/vec4 0, 0, 1;
    %assign/vec4 v0x5575bb576ff0_0, 0;
    %pushi/vec4 0, 0, 1;
    %assign/vec4 v0x5575bb5770b0_0, 0;
    %pushi/vec4 0, 0, 2;
    %assign/vec4 v0x5575bb576d90_0, 0;
    %load/vec4 v0x5575bb576b10_0;
    %cmpi/e 1, 0, 1;
    %flag_mov 8, 4;
    %jmp/0 T_1.18, 8;
    %pushi/vec4 2, 0, 2;
    %jmp/1 T_1.19, 8;
T_1.18 ; End of true expr.
    %pushi/vec4 0, 0, 2;
    %jmp/0 T_1.19, 8;
 ; End of false expr.
    %blend;
T_1.19;
    %assign/vec4 v0x5575bb576cb0_0, 0;
    %pushi/vec4 2, 0, 3;
    %assign/vec4 v0x5575bb54e2d0_0, 0;
    %pushi/vec4 8, 0, 4;
    %assign/vec4 v0x5575bb514760_0, 0;
    %jmp T_1.17;
T_1.12 ;
    %pushi/vec4 0, 0, 3;
    %assign/vec4 v0x5575bb542120_0, 0;
    %pushi/vec4 0, 0, 1;
    %assign/vec4 v0x5575bb543810_0, 0;
    %pushi/vec4 0, 0, 1;
    %assign/vec4 v0x5575bb576e70_0, 0;
    %pushi/vec4 0, 0, 1;
    %assign/vec4 v0x5575bb576ff0_0, 0;
    %pushi/vec4 0, 0, 1;
    %assign/vec4 v0x5575bb5770b0_0, 0;
    %pushi/vec4 0, 0, 2;
    %assign/vec4 v0x5575bb576d90_0, 0;
    %load/vec4 v0x5575bb576b10_0;
    %cmpi/e 0, 0, 1;
    %flag_mov 8, 4;
    %jmp/0 T_1.20, 8;
    %pushi/vec4 2, 0, 2;
    %jmp/1 T_1.21, 8;
T_1.20 ; End of true expr.
    %pushi/vec4 0, 0, 2;
    %jmp/0 T_1.21, 8;
 ; End of false expr.
    %blend;
T_1.21;
    %assign/vec4 v0x5575bb576cb0_0, 0;
    %pushi/vec4 2, 0, 3;
    %assign/vec4 v0x5575bb54e2d0_0, 0;
    %pushi/vec4 8, 0, 4;
    %assign/vec4 v0x5575bb514760_0, 0;
    %jmp T_1.17;
T_1.13 ;
    %pushi/vec4 0, 0, 3;
    %assign/vec4 v0x5575bb542120_0, 0;
    %pushi/vec4 0, 0, 1;
    %assign/vec4 v0x5575bb543810_0, 0;
    %pushi/vec4 0, 0, 1;
    %assign/vec4 v0x5575bb576e70_0, 0;
    %pushi/vec4 0, 0, 1;
    %assign/vec4 v0x5575bb576ff0_0, 0;
    %pushi/vec4 0, 0, 1;
    %assign/vec4 v0x5575bb5770b0_0, 0;
    %pushi/vec4 0, 0, 2;
    %assign/vec4 v0x5575bb576d90_0, 0;
    %load/vec4 v0x5575bb576b10_0;
    %cmpi/e 1, 0, 1;
    %flag_mov 8, 4;
    %jmp/0 T_1.22, 8;
    %pushi/vec4 2, 0, 2;
    %jmp/1 T_1.23, 8;
T_1.22 ; End of true expr.
    %pushi/vec4 0, 0, 2;
    %jmp/0 T_1.23, 8;
 ; End of false expr.
    %blend;
T_1.23;
    %assign/vec4 v0x5575bb576cb0_0, 0;
    %pushi/vec4 2, 0, 3;
    %assign/vec4 v0x5575bb54e2d0_0, 0;
    %pushi/vec4 10, 0, 4;
    %assign/vec4 v0x5575bb514760_0, 0;
    %jmp T_1.17;
T_1.14 ;
    %pushi/vec4 0, 0, 3;
    %assign/vec4 v0x5575bb542120_0, 0;
    %pushi/vec4 0, 0, 1;
    %assign/vec4 v0x5575bb543810_0, 0;
    %pushi/vec4 0, 0, 1;
    %assign/vec4 v0x5575bb576e70_0, 0;
    %pushi/vec4 0, 0, 1;
    %assign/vec4 v0x5575bb576ff0_0, 0;
    %pushi/vec4 0, 0, 1;
    %assign/vec4 v0x5575bb5770b0_0, 0;
    %pushi/vec4 0, 0, 2;
    %assign/vec4 v0x5575bb576d90_0, 0;
    %load/vec4 v0x5575bb576b10_0;
    %cmpi/e 1, 0, 1;
    %flag_mov 8, 4;
    %jmp/0 T_1.24, 8;
    %pushi/vec4 2, 0, 2;
    %jmp/1 T_1.25, 8;
T_1.24 ; End of true expr.
    %pushi/vec4 0, 0, 2;
    %jmp/0 T_1.25, 8;
 ; End of false expr.
    %blend;
T_1.25;
    %assign/vec4 v0x5575bb576cb0_0, 0;
    %pushi/vec4 2, 0, 3;
    %assign/vec4 v0x5575bb54e2d0_0, 0;
    %pushi/vec4 12, 0, 4;
    %assign/vec4 v0x5575bb514760_0, 0;
    %jmp T_1.17;
T_1.15 ;
    %pushi/vec4 0, 0, 3;
    %assign/vec4 v0x5575bb542120_0, 0;
    %pushi/vec4 0, 0, 1;
    %assign/vec4 v0x5575bb543810_0, 0;
    %pushi/vec4 0, 0, 1;
    %assign/vec4 v0x5575bb576e70_0, 0;
    %pushi/vec4 0, 0, 1;
    %assign/vec4 v0x5575bb576ff0_0, 0;
    %pushi/vec4 0, 0, 1;
    %assign/vec4 v0x5575bb5770b0_0, 0;
    %pushi/vec4 0, 0, 2;
    %assign/vec4 v0x5575bb576d90_0, 0;
    %load/vec4 v0x5575bb576b10_0;
    %cmpi/e 1, 0, 1;
    %flag_mov 8, 4;
    %jmp/0 T_1.26, 8;
    %pushi/vec4 2, 0, 2;
    %jmp/1 T_1.27, 8;
T_1.26 ; End of true expr.
    %pushi/vec4 0, 0, 2;
    %jmp/0 T_1.27, 8;
 ; End of false expr.
    %blend;
T_1.27;
    %assign/vec4 v0x5575bb576cb0_0, 0;
    %pushi/vec4 2, 0, 3;
    %assign/vec4 v0x5575bb54e2d0_0, 0;
    %pushi/vec4 9, 0, 4;
    %assign/vec4 v0x5575bb514760_0, 0;
    %jmp T_1.17;
T_1.16 ;
    %pushi/vec4 0, 0, 3;
    %assign/vec4 v0x5575bb542120_0, 0;
    %pushi/vec4 0, 0, 1;
    %assign/vec4 v0x5575bb543810_0, 0;
    %pushi/vec4 0, 0, 1;
    %assign/vec4 v0x5575bb576e70_0, 0;
    %pushi/vec4 0, 0, 1;
    %assign/vec4 v0x5575bb576ff0_0, 0;
    %pushi/vec4 0, 0, 1;
    %assign/vec4 v0x5575bb5770b0_0, 0;
    %pushi/vec4 0, 0, 2;
    %assign/vec4 v0x5575bb576d90_0, 0;
    %load/vec4 v0x5575bb576b10_0;
    %cmpi/e 1, 0, 1;
    %flag_mov 8, 4;
    %jmp/0 T_1.28, 8;
    %pushi/vec4 2, 0, 2;
    %jmp/1 T_1.29, 8;
T_1.28 ; End of true expr.
    %pushi/vec4 0, 0, 2;
    %jmp/0 T_1.29, 8;
 ; End of false expr.
    %blend;
T_1.29;
    %assign/vec4 v0x5575bb576cb0_0, 0;
    %pushi/vec4 2, 0, 3;
    %assign/vec4 v0x5575bb54e2d0_0, 0;
    %pushi/vec4 11, 0, 4;
    %assign/vec4 v0x5575bb514760_0, 0;
    %jmp T_1.17;
T_1.17 ;
    %pop/vec4 1;
    %jmp T_1.10;
T_1.5 ;
    %load/vec4 v0x5575bb543910_0;
    %dup/vec4;
    %pushi/vec4 0, 0, 3;
    %cmp/u;
    %jmp/1 T_1.30, 6;
    %dup/vec4;
    %pushi/vec4 1, 0, 3;
    %cmp/u;
    %jmp/1 T_1.31, 6;
    %dup/vec4;
    %pushi/vec4 2, 0, 3;
    %cmp/u;
    %jmp/1 T_1.32, 6;
    %dup/vec4;
    %pushi/vec4 4, 0, 3;
    %cmp/u;
    %jmp/1 T_1.33, 6;
    %dup/vec4;
    %pushi/vec4 5, 0, 3;
    %cmp/u;
    %jmp/1 T_1.34, 6;
    %jmp T_1.35;
T_1.30 ;
    %pushi/vec4 6, 0, 3;
    %assign/vec4 v0x5575bb542120_0, 0;
    %pushi/vec4 0, 0, 1;
    %assign/vec4 v0x5575bb543810_0, 0;
    %pushi/vec4 1, 0, 1;
    %assign/vec4 v0x5575bb576e70_0, 0;
    %pushi/vec4 0, 0, 1;
    %assign/vec4 v0x5575bb576ff0_0, 0;
    %pushi/vec4 1, 0, 1;
    %assign/vec4 v0x5575bb5770b0_0, 0;
    %pushi/vec4 0, 0, 2;
    %assign/vec4 v0x5575bb576d90_0, 0;
    %pushi/vec4 0, 0, 2;
    %assign/vec4 v0x5575bb576cb0_0, 0;
    %pushi/vec4 3, 0, 3;
    %assign/vec4 v0x5575bb54e2d0_0, 0;
    %pushi/vec4 0, 0, 4;
    %assign/vec4 v0x5575bb514760_0, 0;
    %jmp T_1.35;
T_1.31 ;
    %pushi/vec4 5, 0, 3;
    %assign/vec4 v0x5575bb542120_0, 0;
    %pushi/vec4 0, 0, 1;
    %assign/vec4 v0x5575bb543810_0, 0;
    %pushi/vec4 1, 0, 1;
    %assign/vec4 v0x5575bb576e70_0, 0;
    %pushi/vec4 0, 0, 1;
    %assign/vec4 v0x5575bb576ff0_0, 0;
    %pushi/vec4 1, 0, 1;
    %assign/vec4 v0x5575bb5770b0_0, 0;
    %pushi/vec4 0, 0, 2;
    %assign/vec4 v0x5575bb576d90_0, 0;
    %pushi/vec4 0, 0, 2;
    %assign/vec4 v0x5575bb576cb0_0, 0;
    %pushi/vec4 3, 0, 3;
    %assign/vec4 v0x5575bb54e2d0_0, 0;
    %pushi/vec4 0, 0, 4;
    %assign/vec4 v0x5575bb514760_0, 0;
    %jmp T_1.35;
T_1.32 ;
    %pushi/vec4 0, 0, 3;
    %assign/vec4 v0x5575bb542120_0, 0;
    %pushi/vec4 0, 0, 1;
    %assign/vec4 v0x5575bb543810_0, 0;
    %pushi/vec4 1, 0, 1;
    %assign/vec4 v0x5575bb576e70_0, 0;
    %pushi/vec4 0, 0, 1;
    %assign/vec4 v0x5575bb576ff0_0, 0;
    %pushi/vec4 1, 0, 1;
    %assign/vec4 v0x5575bb5770b0_0, 0;
    %pushi/vec4 0, 0, 2;
    %assign/vec4 v0x5575bb576d90_0, 0;
    %pushi/vec4 0, 0, 2;
    %assign/vec4 v0x5575bb576cb0_0, 0;
    %pushi/vec4 3, 0, 3;
    %assign/vec4 v0x5575bb54e2d0_0, 0;
    %pushi/vec4 0, 0, 4;
    %assign/vec4 v0x5575bb514760_0, 0;
    %jmp T_1.35;
T_1.33 ;
    %pushi/vec4 2, 0, 3;
    %assign/vec4 v0x5575bb542120_0, 0;
    %pushi/vec4 0, 0, 1;
    %assign/vec4 v0x5575bb543810_0, 0;
    %pushi/vec4 1, 0, 1;
    %assign/vec4 v0x5575bb576e70_0, 0;
    %pushi/vec4 0, 0, 1;
    %assign/vec4 v0x5575bb576ff0_0, 0;
    %pushi/vec4 1, 0, 1;
    %assign/vec4 v0x5575bb5770b0_0, 0;
    %pushi/vec4 0, 0, 2;
    %assign/vec4 v0x5575bb576d90_0, 0;
    %pushi/vec4 0, 0, 2;
    %assign/vec4 v0x5575bb576cb0_0, 0;
    %pushi/vec4 3, 0, 3;
    %assign/vec4 v0x5575bb54e2d0_0, 0;
    %pushi/vec4 0, 0, 4;
    %assign/vec4 v0x5575bb514760_0, 0;
    %jmp T_1.35;
T_1.34 ;
    %pushi/vec4 1, 0, 3;
    %assign/vec4 v0x5575bb542120_0, 0;
    %pushi/vec4 0, 0, 1;
    %assign/vec4 v0x5575bb543810_0, 0;
    %pushi/vec4 1, 0, 1;
    %assign/vec4 v0x5575bb576e70_0, 0;
    %pushi/vec4 0, 0, 1;
    %assign/vec4 v0x5575bb576ff0_0, 0;
    %pushi/vec4 1, 0, 1;
    %assign/vec4 v0x5575bb5770b0_0, 0;
    %pushi/vec4 0, 0, 2;
    %assign/vec4 v0x5575bb576d90_0, 0;
    %pushi/vec4 0, 0, 2;
    %assign/vec4 v0x5575bb576cb0_0, 0;
    %pushi/vec4 3, 0, 3;
    %assign/vec4 v0x5575bb54e2d0_0, 0;
    %pushi/vec4 0, 0, 4;
    %assign/vec4 v0x5575bb514760_0, 0;
    %jmp T_1.35;
T_1.35 ;
    %pop/vec4 1;
    %jmp T_1.10;
T_1.6 ;
    %load/vec4 v0x5575bb543910_0;
    %dup/vec4;
    %pushi/vec4 0, 0, 3;
    %cmp/u;
    %jmp/1 T_1.36, 6;
    %dup/vec4;
    %pushi/vec4 1, 0, 3;
    %cmp/u;
    %jmp/1 T_1.37, 6;
    %dup/vec4;
    %pushi/vec4 2, 0, 3;
    %cmp/u;
    %jmp/1 T_1.38, 6;
    %jmp T_1.39;
T_1.36 ;
    %pushi/vec4 2, 0, 3;
    %assign/vec4 v0x5575bb542120_0, 0;
    %pushi/vec4 1, 0, 1;
    %assign/vec4 v0x5575bb543810_0, 0;
    %pushi/vec4 0, 0, 1;
    %assign/vec4 v0x5575bb576e70_0, 0;
    %pushi/vec4 0, 0, 1;
    %assign/vec4 v0x5575bb576ff0_0, 0;
    %pushi/vec4 1, 0, 1;
    %assign/vec4 v0x5575bb5770b0_0, 0;
    %pushi/vec4 0, 0, 2;
    %assign/vec4 v0x5575bb576d90_0, 0;
    %pushi/vec4 0, 0, 2;
    %assign/vec4 v0x5575bb576cb0_0, 0;
    %pushi/vec4 1, 0, 3;
    %assign/vec4 v0x5575bb54e2d0_0, 0;
    %pushi/vec4 0, 0, 4;
    %assign/vec4 v0x5575bb514760_0, 0;
    %jmp T_1.39;
T_1.37 ;
    %pushi/vec4 1, 0, 3;
    %assign/vec4 v0x5575bb542120_0, 0;
    %pushi/vec4 1, 0, 1;
    %assign/vec4 v0x5575bb543810_0, 0;
    %pushi/vec4 0, 0, 1;
    %assign/vec4 v0x5575bb576e70_0, 0;
    %pushi/vec4 0, 0, 1;
    %assign/vec4 v0x5575bb576ff0_0, 0;
    %pushi/vec4 1, 0, 1;
    %assign/vec4 v0x5575bb5770b0_0, 0;
    %pushi/vec4 0, 0, 2;
    %assign/vec4 v0x5575bb576d90_0, 0;
    %pushi/vec4 0, 0, 2;
    %assign/vec4 v0x5575bb576cb0_0, 0;
    %pushi/vec4 1, 0, 3;
    %assign/vec4 v0x5575bb54e2d0_0, 0;
    %pushi/vec4 0, 0, 4;
    %assign/vec4 v0x5575bb514760_0, 0;
    %jmp T_1.39;
T_1.38 ;
    %pushi/vec4 0, 0, 3;
    %assign/vec4 v0x5575bb542120_0, 0;
    %pushi/vec4 1, 0, 1;
    %assign/vec4 v0x5575bb543810_0, 0;
    %pushi/vec4 0, 0, 1;
    %assign/vec4 v0x5575bb576e70_0, 0;
    %pushi/vec4 0, 0, 1;
    %assign/vec4 v0x5575bb576ff0_0, 0;
    %pushi/vec4 1, 0, 1;
    %assign/vec4 v0x5575bb5770b0_0, 0;
    %pushi/vec4 0, 0, 2;
    %assign/vec4 v0x5575bb576d90_0, 0;
    %pushi/vec4 0, 0, 2;
    %assign/vec4 v0x5575bb576cb0_0, 0;
    %pushi/vec4 1, 0, 3;
    %assign/vec4 v0x5575bb54e2d0_0, 0;
    %pushi/vec4 0, 0, 4;
    %assign/vec4 v0x5575bb514760_0, 0;
    %jmp T_1.39;
T_1.39 ;
    %pop/vec4 1;
    %jmp T_1.10;
T_1.7 ;
    %load/vec4 v0x5575bb543910_0;
    %dup/vec4;
    %pushi/vec4 0, 0, 3;
    %cmp/u;
    %jmp/1 T_1.40, 6;
    %dup/vec4;
    %pushi/vec4 2, 0, 3;
    %cmp/u;
    %jmp/1 T_1.41, 6;
    %dup/vec4;
    %pushi/vec4 3, 0, 3;
    %cmp/u;
    %jmp/1 T_1.42, 6;
    %dup/vec4;
    %pushi/vec4 4, 0, 3;
    %cmp/u;
    %jmp/1 T_1.43, 6;
    %dup/vec4;
    %pushi/vec4 6, 0, 3;
    %cmp/u;
    %jmp/1 T_1.44, 6;
    %dup/vec4;
    %pushi/vec4 7, 0, 3;
    %cmp/u;
    %jmp/1 T_1.45, 6;
    %dup/vec4;
    %pushi/vec4 1, 0, 3;
    %cmp/u;
    %jmp/1 T_1.46, 6;
    %dup/vec4;
    %pushi/vec4 5, 0, 3;
    %cmp/u;
    %jmp/1 T_1.47, 6;
    %jmp T_1.48;
T_1.40 ;
    %pushi/vec4 0, 0, 3;
    %assign/vec4 v0x5575bb542120_0, 0;
    %pushi/vec4 0, 0, 1;
    %assign/vec4 v0x5575bb543810_0, 0;
    %pushi/vec4 1, 0, 1;
    %assign/vec4 v0x5575bb576e70_0, 0;
    %pushi/vec4 0, 0, 1;
    %assign/vec4 v0x5575bb576ff0_0, 0;
    %pushi/vec4 1, 0, 1;
    %assign/vec4 v0x5575bb5770b0_0, 0;
    %pushi/vec4 1, 0, 2;
    %assign/vec4 v0x5575bb576d90_0, 0;
    %pushi/vec4 0, 0, 2;
    %assign/vec4 v0x5575bb576cb0_0, 0;
    %pushi/vec4 3, 0, 3;
    %assign/vec4 v0x5575bb54e2d0_0, 0;
    %pushi/vec4 0, 0, 4;
    %assign/vec4 v0x5575bb514760_0, 0;
    %jmp T_1.48;
T_1.41 ;
    %pushi/vec4 0, 0, 3;
    %assign/vec4 v0x5575bb542120_0, 0;
    %pushi/vec4 0, 0, 1;
    %assign/vec4 v0x5575bb543810_0, 0;
    %pushi/vec4 1, 0, 1;
    %assign/vec4 v0x5575bb576e70_0, 0;
    %pushi/vec4 0, 0, 1;
    %assign/vec4 v0x5575bb576ff0_0, 0;
    %pushi/vec4 1, 0, 1;
    %assign/vec4 v0x5575bb5770b0_0, 0;
    %pushi/vec4 1, 0, 2;
    %assign/vec4 v0x5575bb576d90_0, 0;
    %pushi/vec4 0, 0, 2;
    %assign/vec4 v0x5575bb576cb0_0, 0;
    %pushi/vec4 3, 0, 3;
    %assign/vec4 v0x5575bb54e2d0_0, 0;
    %pushi/vec4 10, 0, 4;
    %assign/vec4 v0x5575bb514760_0, 0;
    %jmp T_1.48;
T_1.42 ;
    %pushi/vec4 0, 0, 3;
    %assign/vec4 v0x5575bb542120_0, 0;
    %pushi/vec4 0, 0, 1;
    %assign/vec4 v0x5575bb543810_0, 0;
    %pushi/vec4 1, 0, 1;
    %assign/vec4 v0x5575bb576e70_0, 0;
    %pushi/vec4 0, 0, 1;
    %assign/vec4 v0x5575bb576ff0_0, 0;
    %pushi/vec4 1, 0, 1;
    %assign/vec4 v0x5575bb5770b0_0, 0;
    %pushi/vec4 1, 0, 2;
    %assign/vec4 v0x5575bb576d90_0, 0;
    %pushi/vec4 0, 0, 2;
    %assign/vec4 v0x5575bb576cb0_0, 0;
    %pushi/vec4 3, 0, 3;
    %assign/vec4 v0x5575bb54e2d0_0, 0;
    %pushi/vec4 9, 0, 4;
    %assign/vec4 v0x5575bb514760_0, 0;
    %jmp T_1.48;
T_1.43 ;
    %pushi/vec4 0, 0, 3;
    %assign/vec4 v0x5575bb542120_0, 0;
    %pushi/vec4 0, 0, 1;
    %assign/vec4 v0x5575bb543810_0, 0;
    %pushi/vec4 1, 0, 1;
    %assign/vec4 v0x5575bb576e70_0, 0;
    %pushi/vec4 0, 0, 1;
    %assign/vec4 v0x5575bb576ff0_0, 0;
    %pushi/vec4 1, 0, 1;
    %assign/vec4 v0x5575bb5770b0_0, 0;
    %pushi/vec4 1, 0, 2;
    %assign/vec4 v0x5575bb576d90_0, 0;
    %pushi/vec4 0, 0, 2;
    %assign/vec4 v0x5575bb576cb0_0, 0;
    %pushi/vec4 3, 0, 3;
    %assign/vec4 v0x5575bb54e2d0_0, 0;
    %pushi/vec4 4, 0, 4;
    %assign/vec4 v0x5575bb514760_0, 0;
    %jmp T_1.48;
T_1.44 ;
    %pushi/vec4 0, 0, 3;
    %assign/vec4 v0x5575bb542120_0, 0;
    %pushi/vec4 0, 0, 1;
    %assign/vec4 v0x5575bb543810_0, 0;
    %pushi/vec4 1, 0, 1;
    %assign/vec4 v0x5575bb576e70_0, 0;
    %pushi/vec4 0, 0, 1;
    %assign/vec4 v0x5575bb576ff0_0, 0;
    %pushi/vec4 1, 0, 1;
    %assign/vec4 v0x5575bb5770b0_0, 0;
    %pushi/vec4 1, 0, 2;
    %assign/vec4 v0x5575bb576d90_0, 0;
    %pushi/vec4 0, 0, 2;
    %assign/vec4 v0x5575bb576cb0_0, 0;
    %pushi/vec4 3, 0, 3;
    %assign/vec4 v0x5575bb54e2d0_0, 0;
    %pushi/vec4 3, 0, 4;
    %assign/vec4 v0x5575bb514760_0, 0;
    %jmp T_1.48;
T_1.45 ;
    %pushi/vec4 0, 0, 3;
    %assign/vec4 v0x5575bb542120_0, 0;
    %pushi/vec4 0, 0, 1;
    %assign/vec4 v0x5575bb543810_0, 0;
    %pushi/vec4 1, 0, 1;
    %assign/vec4 v0x5575bb576e70_0, 0;
    %pushi/vec4 0, 0, 1;
    %assign/vec4 v0x5575bb576ff0_0, 0;
    %pushi/vec4 1, 0, 1;
    %assign/vec4 v0x5575bb5770b0_0, 0;
    %pushi/vec4 1, 0, 2;
    %assign/vec4 v0x5575bb576d90_0, 0;
    %pushi/vec4 0, 0, 2;
    %assign/vec4 v0x5575bb576cb0_0, 0;
    %pushi/vec4 3, 0, 3;
    %assign/vec4 v0x5575bb54e2d0_0, 0;
    %pushi/vec4 2, 0, 4;
    %assign/vec4 v0x5575bb514760_0, 0;
    %jmp T_1.48;
T_1.46 ;
    %load/vec4 v0x5575bb54ed70_0;
    %dup/vec4;
    %pushi/vec4 0, 0, 7;
    %cmp/u;
    %jmp/1 T_1.49, 6;
    %jmp T_1.50;
T_1.49 ;
    %pushi/vec4 0, 0, 3;
    %assign/vec4 v0x5575bb542120_0, 0;
    %pushi/vec4 0, 0, 1;
    %assign/vec4 v0x5575bb543810_0, 0;
    %pushi/vec4 1, 0, 1;
    %assign/vec4 v0x5575bb576e70_0, 0;
    %pushi/vec4 0, 0, 1;
    %assign/vec4 v0x5575bb576ff0_0, 0;
    %pushi/vec4 1, 0, 1;
    %assign/vec4 v0x5575bb5770b0_0, 0;
    %pushi/vec4 1, 0, 2;
    %assign/vec4 v0x5575bb576d90_0, 0;
    %pushi/vec4 0, 0, 2;
    %assign/vec4 v0x5575bb576cb0_0, 0;
    %pushi/vec4 3, 0, 3;
    %assign/vec4 v0x5575bb54e2d0_0, 0;
    %pushi/vec4 5, 0, 4;
    %assign/vec4 v0x5575bb514760_0, 0;
    %jmp T_1.50;
T_1.50 ;
    %pop/vec4 1;
    %jmp T_1.48;
T_1.47 ;
    %load/vec4 v0x5575bb54ed70_0;
    %dup/vec4;
    %pushi/vec4 0, 0, 7;
    %cmp/u;
    %jmp/1 T_1.51, 6;
    %dup/vec4;
    %pushi/vec4 32, 0, 7;
    %cmp/u;
    %jmp/1 T_1.52, 6;
    %jmp T_1.53;
T_1.51 ;
    %pushi/vec4 0, 0, 3;
    %assign/vec4 v0x5575bb542120_0, 0;
    %pushi/vec4 0, 0, 1;
    %assign/vec4 v0x5575bb543810_0, 0;
    %pushi/vec4 1, 0, 1;
    %assign/vec4 v0x5575bb576e70_0, 0;
    %pushi/vec4 0, 0, 1;
    %assign/vec4 v0x5575bb576ff0_0, 0;
    %pushi/vec4 1, 0, 1;
    %assign/vec4 v0x5575bb5770b0_0, 0;
    %pushi/vec4 1, 0, 2;
    %assign/vec4 v0x5575bb576d90_0, 0;
    %pushi/vec4 0, 0, 2;
    %assign/vec4 v0x5575bb576cb0_0, 0;
    %pushi/vec4 3, 0, 3;
    %assign/vec4 v0x5575bb54e2d0_0, 0;
    %pushi/vec4 6, 0, 4;
    %assign/vec4 v0x5575bb514760_0, 0;
    %jmp T_1.53;
T_1.52 ;
    %pushi/vec4 0, 0, 3;
    %assign/vec4 v0x5575bb542120_0, 0;
    %pushi/vec4 0, 0, 1;
    %assign/vec4 v0x5575bb543810_0, 0;
    %pushi/vec4 1, 0, 1;
    %assign/vec4 v0x5575bb576e70_0, 0;
    %pushi/vec4 0, 0, 1;
    %assign/vec4 v0x5575bb576ff0_0, 0;
    %pushi/vec4 1, 0, 1;
    %assign/vec4 v0x5575bb5770b0_0, 0;
    %pushi/vec4 1, 0, 2;
    %assign/vec4 v0x5575bb576d90_0, 0;
    %pushi/vec4 0, 0, 2;
    %assign/vec4 v0x5575bb576cb0_0, 0;
    %pushi/vec4 3, 0, 3;
    %assign/vec4 v0x5575bb54e2d0_0, 0;
    %pushi/vec4 7, 0, 4;
    %assign/vec4 v0x5575bb514760_0, 0;
    %jmp T_1.53;
T_1.53 ;
    %pop/vec4 1;
    %jmp T_1.48;
T_1.48 ;
    %pop/vec4 1;
    %jmp T_1.10;
T_1.8 ;
    %load/vec4 v0x5575bb543910_0;
    %dup/vec4;
    %pushi/vec4 0, 0, 3;
    %cmp/u;
    %jmp/1 T_1.54, 6;
    %dup/vec4;
    %pushi/vec4 1, 0, 3;
    %cmp/u;
    %jmp/1 T_1.55, 6;
    %dup/vec4;
    %pushi/vec4 2, 0, 3;
    %cmp/u;
    %jmp/1 T_1.56, 6;
    %dup/vec4;
    %pushi/vec4 3, 0, 3;
    %cmp/u;
    %jmp/1 T_1.57, 6;
    %dup/vec4;
    %pushi/vec4 4, 0, 3;
    %cmp/u;
    %jmp/1 T_1.58, 6;
    %dup/vec4;
    %pushi/vec4 5, 0, 3;
    %cmp/u;
    %jmp/1 T_1.59, 6;
    %dup/vec4;
    %pushi/vec4 6, 0, 3;
    %cmp/u;
    %jmp/1 T_1.60, 6;
    %dup/vec4;
    %pushi/vec4 7, 0, 3;
    %cmp/u;
    %jmp/1 T_1.61, 6;
    %jmp T_1.62;
T_1.54 ;
    %load/vec4 v0x5575bb54ed70_0;
    %dup/vec4;
    %pushi/vec4 0, 0, 7;
    %cmp/u;
    %jmp/1 T_1.63, 6;
    %dup/vec4;
    %pushi/vec4 32, 0, 7;
    %cmp/u;
    %jmp/1 T_1.64, 6;
    %jmp T_1.65;
T_1.63 ;
    %pushi/vec4 0, 0, 3;
    %assign/vec4 v0x5575bb542120_0, 0;
    %pushi/vec4 0, 0, 1;
    %assign/vec4 v0x5575bb543810_0, 0;
    %pushi/vec4 1, 0, 1;
    %assign/vec4 v0x5575bb576e70_0, 0;
    %pushi/vec4 0, 0, 1;
    %assign/vec4 v0x5575bb576ff0_0, 0;
    %pushi/vec4 0, 0, 1;
    %assign/vec4 v0x5575bb5770b0_0, 0;
    %pushi/vec4 1, 0, 2;
    %assign/vec4 v0x5575bb576d90_0, 0;
    %pushi/vec4 0, 0, 2;
    %assign/vec4 v0x5575bb576cb0_0, 0;
    %pushi/vec4 0, 0, 3;
    %assign/vec4 v0x5575bb54e2d0_0, 0;
    %pushi/vec4 0, 0, 4;
    %assign/vec4 v0x5575bb514760_0, 0;
    %jmp T_1.65;
T_1.64 ;
    %pushi/vec4 0, 0, 3;
    %assign/vec4 v0x5575bb542120_0, 0;
    %pushi/vec4 0, 0, 1;
    %assign/vec4 v0x5575bb543810_0, 0;
    %pushi/vec4 1, 0, 1;
    %assign/vec4 v0x5575bb576e70_0, 0;
    %pushi/vec4 0, 0, 1;
    %assign/vec4 v0x5575bb576ff0_0, 0;
    %pushi/vec4 0, 0, 1;
    %assign/vec4 v0x5575bb5770b0_0, 0;
    %pushi/vec4 1, 0, 2;
    %assign/vec4 v0x5575bb576d90_0, 0;
    %pushi/vec4 0, 0, 2;
    %assign/vec4 v0x5575bb576cb0_0, 0;
    %pushi/vec4 0, 0, 3;
    %assign/vec4 v0x5575bb54e2d0_0, 0;
    %pushi/vec4 1, 0, 4;
    %assign/vec4 v0x5575bb514760_0, 0;
    %jmp T_1.65;
T_1.65 ;
    %pop/vec4 1;
    %jmp T_1.62;
T_1.55 ;
    %load/vec4 v0x5575bb54ed70_0;
    %dup/vec4;
    %pushi/vec4 0, 0, 7;
    %cmp/u;
    %jmp/1 T_1.66, 6;
    %jmp T_1.67;
T_1.66 ;
    %pushi/vec4 0, 0, 3;
    %assign/vec4 v0x5575bb542120_0, 0;
    %pushi/vec4 0, 0, 1;
    %assign/vec4 v0x5575bb543810_0, 0;
    %pushi/vec4 1, 0, 1;
    %assign/vec4 v0x5575bb576e70_0, 0;
    %pushi/vec4 0, 0, 1;
    %assign/vec4 v0x5575bb576ff0_0, 0;
    %pushi/vec4 0, 0, 1;
    %assign/vec4 v0x5575bb5770b0_0, 0;
    %pushi/vec4 1, 0, 2;
    %assign/vec4 v0x5575bb576d90_0, 0;
    %pushi/vec4 0, 0, 2;
    %assign/vec4 v0x5575bb576cb0_0, 0;
    %pushi/vec4 0, 0, 3;
    %assign/vec4 v0x5575bb54e2d0_0, 0;
    %pushi/vec4 5, 0, 4;
    %assign/vec4 v0x5575bb514760_0, 0;
    %jmp T_1.67;
T_1.67 ;
    %pop/vec4 1;
    %jmp T_1.62;
T_1.56 ;
    %load/vec4 v0x5575bb54ed70_0;
    %dup/vec4;
    %pushi/vec4 0, 0, 7;
    %cmp/u;
    %jmp/1 T_1.68, 6;
    %jmp T_1.69;
T_1.68 ;
    %pushi/vec4 0, 0, 3;
    %assign/vec4 v0x5575bb542120_0, 0;
    %pushi/vec4 0, 0, 1;
    %assign/vec4 v0x5575bb543810_0, 0;
    %pushi/vec4 1, 0, 1;
    %assign/vec4 v0x5575bb576e70_0, 0;
    %pushi/vec4 0, 0, 1;
    %assign/vec4 v0x5575bb576ff0_0, 0;
    %pushi/vec4 0, 0, 1;
    %assign/vec4 v0x5575bb5770b0_0, 0;
    %pushi/vec4 1, 0, 2;
    %assign/vec4 v0x5575bb576d90_0, 0;
    %pushi/vec4 0, 0, 2;
    %assign/vec4 v0x5575bb576cb0_0, 0;
    %pushi/vec4 0, 0, 3;
    %assign/vec4 v0x5575bb54e2d0_0, 0;
    %pushi/vec4 10, 0, 4;
    %assign/vec4 v0x5575bb514760_0, 0;
    %jmp T_1.69;
T_1.69 ;
    %pop/vec4 1;
    %jmp T_1.62;
T_1.57 ;
    %load/vec4 v0x5575bb54ed70_0;
    %dup/vec4;
    %pushi/vec4 0, 0, 7;
    %cmp/u;
    %jmp/1 T_1.70, 6;
    %jmp T_1.71;
T_1.70 ;
    %pushi/vec4 0, 0, 3;
    %assign/vec4 v0x5575bb542120_0, 0;
    %pushi/vec4 0, 0, 1;
    %assign/vec4 v0x5575bb543810_0, 0;
    %pushi/vec4 1, 0, 1;
    %assign/vec4 v0x5575bb576e70_0, 0;
    %pushi/vec4 0, 0, 1;
    %assign/vec4 v0x5575bb576ff0_0, 0;
    %pushi/vec4 0, 0, 1;
    %assign/vec4 v0x5575bb5770b0_0, 0;
    %pushi/vec4 1, 0, 2;
    %assign/vec4 v0x5575bb576d90_0, 0;
    %pushi/vec4 0, 0, 2;
    %assign/vec4 v0x5575bb576cb0_0, 0;
    %pushi/vec4 0, 0, 3;
    %assign/vec4 v0x5575bb54e2d0_0, 0;
    %pushi/vec4 9, 0, 4;
    %assign/vec4 v0x5575bb514760_0, 0;
    %jmp T_1.71;
T_1.71 ;
    %pop/vec4 1;
    %jmp T_1.62;
T_1.58 ;
    %load/vec4 v0x5575bb54ed70_0;
    %dup/vec4;
    %pushi/vec4 0, 0, 7;
    %cmp/u;
    %jmp/1 T_1.72, 6;
    %jmp T_1.73;
T_1.72 ;
    %pushi/vec4 0, 0, 3;
    %assign/vec4 v0x5575bb542120_0, 0;
    %pushi/vec4 0, 0, 1;
    %assign/vec4 v0x5575bb543810_0, 0;
    %pushi/vec4 1, 0, 1;
    %assign/vec4 v0x5575bb576e70_0, 0;
    %pushi/vec4 0, 0, 1;
    %assign/vec4 v0x5575bb576ff0_0, 0;
    %pushi/vec4 0, 0, 1;
    %assign/vec4 v0x5575bb5770b0_0, 0;
    %pushi/vec4 1, 0, 2;
    %assign/vec4 v0x5575bb576d90_0, 0;
    %pushi/vec4 0, 0, 2;
    %assign/vec4 v0x5575bb576cb0_0, 0;
    %pushi/vec4 0, 0, 3;
    %assign/vec4 v0x5575bb54e2d0_0, 0;
    %pushi/vec4 4, 0, 4;
    %assign/vec4 v0x5575bb514760_0, 0;
    %jmp T_1.73;
T_1.73 ;
    %pop/vec4 1;
    %jmp T_1.62;
T_1.59 ;
    %load/vec4 v0x5575bb54ed70_0;
    %dup/vec4;
    %pushi/vec4 0, 0, 7;
    %cmp/u;
    %jmp/1 T_1.74, 6;
    %dup/vec4;
    %pushi/vec4 32, 0, 7;
    %cmp/u;
    %jmp/1 T_1.75, 6;
    %jmp T_1.76;
T_1.74 ;
    %pushi/vec4 0, 0, 3;
    %assign/vec4 v0x5575bb542120_0, 0;
    %pushi/vec4 0, 0, 1;
    %assign/vec4 v0x5575bb543810_0, 0;
    %pushi/vec4 1, 0, 1;
    %assign/vec4 v0x5575bb576e70_0, 0;
    %pushi/vec4 0, 0, 1;
    %assign/vec4 v0x5575bb576ff0_0, 0;
    %pushi/vec4 0, 0, 1;
    %assign/vec4 v0x5575bb5770b0_0, 0;
    %pushi/vec4 1, 0, 2;
    %assign/vec4 v0x5575bb576d90_0, 0;
    %pushi/vec4 0, 0, 2;
    %assign/vec4 v0x5575bb576cb0_0, 0;
    %pushi/vec4 0, 0, 3;
    %assign/vec4 v0x5575bb54e2d0_0, 0;
    %pushi/vec4 6, 0, 4;
    %assign/vec4 v0x5575bb514760_0, 0;
    %jmp T_1.76;
T_1.75 ;
    %pushi/vec4 0, 0, 3;
    %assign/vec4 v0x5575bb542120_0, 0;
    %pushi/vec4 0, 0, 1;
    %assign/vec4 v0x5575bb543810_0, 0;
    %pushi/vec4 1, 0, 1;
    %assign/vec4 v0x5575bb576e70_0, 0;
    %pushi/vec4 0, 0, 1;
    %assign/vec4 v0x5575bb576ff0_0, 0;
    %pushi/vec4 0, 0, 1;
    %assign/vec4 v0x5575bb5770b0_0, 0;
    %pushi/vec4 1, 0, 2;
    %assign/vec4 v0x5575bb576d90_0, 0;
    %pushi/vec4 0, 0, 2;
    %assign/vec4 v0x5575bb576cb0_0, 0;
    %pushi/vec4 0, 0, 3;
    %assign/vec4 v0x5575bb54e2d0_0, 0;
    %pushi/vec4 7, 0, 4;
    %assign/vec4 v0x5575bb514760_0, 0;
    %jmp T_1.76;
T_1.76 ;
    %pop/vec4 1;
    %jmp T_1.62;
T_1.60 ;
    %load/vec4 v0x5575bb54ed70_0;
    %dup/vec4;
    %pushi/vec4 0, 0, 7;
    %cmp/u;
    %jmp/1 T_1.77, 6;
    %jmp T_1.78;
T_1.77 ;
    %pushi/vec4 0, 0, 3;
    %assign/vec4 v0x5575bb542120_0, 0;
    %pushi/vec4 0, 0, 1;
    %assign/vec4 v0x5575bb543810_0, 0;
    %pushi/vec4 1, 0, 1;
    %assign/vec4 v0x5575bb576e70_0, 0;
    %pushi/vec4 0, 0, 1;
    %assign/vec4 v0x5575bb576ff0_0, 0;
    %pushi/vec4 0, 0, 1;
    %assign/vec4 v0x5575bb5770b0_0, 0;
    %pushi/vec4 1, 0, 2;
    %assign/vec4 v0x5575bb576d90_0, 0;
    %pushi/vec4 0, 0, 2;
    %assign/vec4 v0x5575bb576cb0_0, 0;
    %pushi/vec4 0, 0, 3;
    %assign/vec4 v0x5575bb54e2d0_0, 0;
    %pushi/vec4 3, 0, 4;
    %assign/vec4 v0x5575bb514760_0, 0;
    %jmp T_1.78;
T_1.78 ;
    %pop/vec4 1;
    %jmp T_1.62;
T_1.61 ;
    %load/vec4 v0x5575bb54ed70_0;
    %dup/vec4;
    %pushi/vec4 0, 0, 7;
    %cmp/u;
    %jmp/1 T_1.79, 6;
    %jmp T_1.80;
T_1.79 ;
    %pushi/vec4 0, 0, 3;
    %assign/vec4 v0x5575bb542120_0, 0;
    %pushi/vec4 0, 0, 1;
    %assign/vec4 v0x5575bb543810_0, 0;
    %pushi/vec4 1, 0, 1;
    %assign/vec4 v0x5575bb576e70_0, 0;
    %pushi/vec4 0, 0, 1;
    %assign/vec4 v0x5575bb576ff0_0, 0;
    %pushi/vec4 0, 0, 1;
    %assign/vec4 v0x5575bb5770b0_0, 0;
    %pushi/vec4 1, 0, 2;
    %assign/vec4 v0x5575bb576d90_0, 0;
    %pushi/vec4 0, 0, 2;
    %assign/vec4 v0x5575bb576cb0_0, 0;
    %pushi/vec4 0, 0, 3;
    %assign/vec4 v0x5575bb54e2d0_0, 0;
    %pushi/vec4 2, 0, 4;
    %assign/vec4 v0x5575bb514760_0, 0;
    %jmp T_1.80;
T_1.80 ;
    %pop/vec4 1;
    %jmp T_1.62;
T_1.62 ;
    %pop/vec4 1;
    %jmp T_1.10;
T_1.10 ;
    %pop/vec4 1;
    %jmp T_1;
    .thread T_1, $push;
    .scope S_0x5575bb57b9c0;
T_2 ;
    %pushi/vec4 0, 0, 32;
    %store/vec4 v0x5575bb57c150_0, 0, 32;
    %end;
    .thread T_2;
    .scope S_0x5575bb57b9c0;
T_3 ;
    %wait E_0x5575bb55f910;
    %load/vec4 v0x5575bb57c280_0;
    %flag_set/vec4 8;
    %jmp/0 T_3.0, 8;
    %pushi/vec4 0, 0, 32;
    %jmp/1 T_3.1, 8;
T_3.0 ; End of true expr.
    %load/vec4 v0x5575bb57bfc0_0;
    %flag_set/vec4 9;
    %jmp/0 T_3.2, 9;
    %load/vec4 v0x5575bb57bed0_0;
    %jmp/1 T_3.3, 9;
T_3.2 ; End of true expr.
    %load/vec4 v0x5575bb57c150_0;
    %jmp/0 T_3.3, 9;
 ; End of false expr.
    %blend;
T_3.3;
    %jmp/0 T_3.1, 8;
 ; End of false expr.
    %blend;
T_3.1;
    %assign/vec4 v0x5575bb57c150_0, 0;
    %jmp T_3;
    .thread T_3;
    .scope S_0x5575bb57db70;
T_4 ;
    %pushi/vec4 0, 0, 32;
    %store/vec4 v0x5575bb57e510_0, 0, 32;
    %end;
    .thread T_4;
    .scope S_0x5575bb57db70;
T_5 ;
    %wait E_0x5575bb55f910;
    %load/vec4 v0x5575bb57e830_0;
    %flag_set/vec4 8;
    %jmp/0xz  T_5.0, 8;
    %pushi/vec4 0, 0, 32;
    %store/vec4 v0x5575bb57e510_0, 0, 32;
T_5.2 ;
    %load/vec4 v0x5575bb57e510_0;
    %cmpi/s 32, 0, 32;
    %jmp/0xz T_5.3, 5;
    %pushi/vec4 0, 0, 32;
    %ix/getv/s 3, v0x5575bb57e510_0;
    %ix/load 4, 0, 0; Constant delay
    %assign/vec4/a/d v0x5575bb57ec60, 0, 4;
    %load/vec4 v0x5575bb57e510_0;
    %addi 1, 0, 32;
    %store/vec4 v0x5575bb57e510_0, 0, 32;
    %jmp T_5.2;
T_5.3 ;
    %jmp T_5.1;
T_5.0 ;
    %load/vec4 v0x5575bb57eae0_0;
    %load/vec4 v0x5575bb57e5f0_0;
    %pad/u 32;
    %pushi/vec4 0, 0, 32;
    %cmp/ne;
    %flag_get/vec4 4;
    %and;
    %flag_set/vec4 8;
    %jmp/0xz  T_5.4, 8;
    %load/vec4 v0x5575bb57eba0_0;
    %load/vec4 v0x5575bb57e5f0_0;
    %pad/u 7;
    %ix/vec4 3;
    %ix/load 4, 0, 0; Constant delay
    %assign/vec4/a/d v0x5575bb57ec60, 0, 4;
T_5.4 ;
T_5.1 ;
    %jmp T_5;
    .thread T_5;
    .scope S_0x5575bb57c3e0;
T_6 ;
    %pushi/vec4 0, 0, 32;
    %store/vec4 v0x5575bb57cb20_0, 0, 32;
    %end;
    .thread T_6;
    .scope S_0x5575bb57c3e0;
T_7 ;
    %wait E_0x5575bb55f910;
    %load/vec4 v0x5575bb57cc50_0;
    %flag_set/vec4 8;
    %jmp/0 T_7.0, 8;
    %pushi/vec4 0, 0, 32;
    %jmp/1 T_7.1, 8;
T_7.0 ; End of true expr.
    %load/vec4 v0x5575bb57c990_0;
    %flag_set/vec4 9;
    %jmp/0 T_7.2, 9;
    %load/vec4 v0x5575bb57c8c0_0;
    %jmp/1 T_7.3, 9;
T_7.2 ; End of true expr.
    %load/vec4 v0x5575bb57cb20_0;
    %jmp/0 T_7.3, 9;
 ; End of false expr.
    %blend;
T_7.3;
    %jmp/0 T_7.1, 8;
 ; End of false expr.
    %blend;
T_7.1;
    %assign/vec4 v0x5575bb57cb20_0, 0;
    %jmp T_7;
    .thread T_7;
    .scope S_0x5575bb5789d0;
T_8 ;
    %wait E_0x5575bb487b10;
    %load/vec4 v0x5575bb578d40_0;
    %dup/vec4;
    %pushi/vec4 0, 0, 3;
    %cmp/u;
    %jmp/1 T_8.0, 6;
    %dup/vec4;
    %pushi/vec4 1, 0, 3;
    %cmp/u;
    %jmp/1 T_8.1, 6;
    %dup/vec4;
    %pushi/vec4 2, 0, 3;
    %cmp/u;
    %jmp/1 T_8.2, 6;
    %dup/vec4;
    %pushi/vec4 3, 0, 3;
    %cmp/u;
    %jmp/1 T_8.3, 6;
    %dup/vec4;
    %pushi/vec4 4, 0, 3;
    %cmp/u;
    %jmp/1 T_8.4, 6;
    %pushi/vec4 0, 0, 32;
    %assign/vec4 v0x5575bb578c60_0, 0;
    %jmp T_8.6;
T_8.0 ;
    %load/vec4 v0x5575bb578e00_0;
    %parti/s 20, 5, 4;
    %concati/vec4 0, 0, 12;
    %assign/vec4 v0x5575bb578c60_0, 0;
    %jmp T_8.6;
T_8.1 ;
    %load/vec4 v0x5575bb578e00_0;
    %parti/s 1, 24, 6;
    %replicate 21;
    %load/vec4 v0x5575bb578e00_0;
    %parti/s 6, 18, 6;
    %concat/vec4; draw_concat_vec4
    %load/vec4 v0x5575bb578e00_0;
    %parti/s 5, 0, 2;
    %concat/vec4; draw_concat_vec4
    %assign/vec4 v0x5575bb578c60_0, 0;
    %jmp T_8.6;
T_8.2 ;
    %load/vec4 v0x5575bb578e00_0;
    %parti/s 1, 24, 6;
    %replicate 20;
    %load/vec4 v0x5575bb578e00_0;
    %parti/s 1, 0, 2;
    %concat/vec4; draw_concat_vec4
    %load/vec4 v0x5575bb578e00_0;
    %parti/s 6, 18, 6;
    %concat/vec4; draw_concat_vec4
    %load/vec4 v0x5575bb578e00_0;
    %parti/s 4, 1, 2;
    %concat/vec4; draw_concat_vec4
    %concati/vec4 0, 0, 1;
    %assign/vec4 v0x5575bb578c60_0, 0;
    %jmp T_8.6;
T_8.3 ;
    %load/vec4 v0x5575bb578e00_0;
    %parti/s 1, 24, 6;
    %replicate 21;
    %load/vec4 v0x5575bb578e00_0;
    %parti/s 11, 13, 5;
    %concat/vec4; draw_concat_vec4
    %assign/vec4 v0x5575bb578c60_0, 0;
    %jmp T_8.6;
T_8.4 ;
    %load/vec4 v0x5575bb578e00_0;
    %parti/s 1, 24, 6;
    %replicate 13;
    %load/vec4 v0x5575bb578e00_0;
    %parti/s 8, 5, 4;
    %concat/vec4; draw_concat_vec4
    %load/vec4 v0x5575bb578e00_0;
    %parti/s 1, 13, 5;
    %concat/vec4; draw_concat_vec4
    %load/vec4 v0x5575bb578e00_0;
    %parti/s 10, 14, 5;
    %concat/vec4; draw_concat_vec4
    %concati/vec4 0, 0, 1;
    %pad/u 32;
    %assign/vec4 v0x5575bb578c60_0, 0;
    %jmp T_8.6;
T_8.6 ;
    %pop/vec4 1;
    %jmp T_8;
    .thread T_8, $push;
    .scope S_0x5575bb5781a0;
T_9 ;
    %wait E_0x5575bb487e10;
    %load/vec4 v0x5575bb5783b0_0;
    %dup/vec4;
    %pushi/vec4 0, 0, 4;
    %cmp/u;
    %jmp/1 T_9.0, 6;
    %dup/vec4;
    %pushi/vec4 1, 0, 4;
    %cmp/u;
    %jmp/1 T_9.1, 6;
    %dup/vec4;
    %pushi/vec4 2, 0, 4;
    %cmp/u;
    %jmp/1 T_9.2, 6;
    %dup/vec4;
    %pushi/vec4 3, 0, 4;
    %cmp/u;
    %jmp/1 T_9.3, 6;
    %dup/vec4;
    %pushi/vec4 4, 0, 4;
    %cmp/u;
    %jmp/1 T_9.4, 6;
    %dup/vec4;
    %pushi/vec4 5, 0, 4;
    %cmp/u;
    %jmp/1 T_9.5, 6;
    %dup/vec4;
    %pushi/vec4 6, 0, 4;
    %cmp/u;
    %jmp/1 T_9.6, 6;
    %dup/vec4;
    %pushi/vec4 7, 0, 4;
    %cmp/u;
    %jmp/1 T_9.7, 6;
    %dup/vec4;
    %pushi/vec4 8, 0, 4;
    %cmp/u;
    %jmp/1 T_9.8, 6;
    %dup/vec4;
    %pushi/vec4 9, 0, 4;
    %cmp/u;
    %jmp/1 T_9.9, 6;
    %dup/vec4;
    %pushi/vec4 10, 0, 4;
    %cmp/u;
    %jmp/1 T_9.10, 6;
    %dup/vec4;
    %pushi/vec4 11, 0, 4;
    %cmp/u;
    %jmp/1 T_9.11, 6;
    %dup/vec4;
    %pushi/vec4 12, 0, 4;
    %cmp/u;
    %jmp/1 T_9.12, 6;
    %dup/vec4;
    %pushi/vec4 13, 0, 4;
    %cmp/u;
    %jmp/1 T_9.13, 6;
    %pushi/vec4 4294967295, 4294967295, 32;
    %assign/vec4 v0x5575bb578870_0, 0;
    %jmp T_9.15;
T_9.0 ;
    %load/vec4 v0x5575bb578490_0;
    %load/vec4 v0x5575bb578660_0;
    %add;
    %assign/vec4 v0x5575bb578870_0, 0;
    %jmp T_9.15;
T_9.1 ;
    %load/vec4 v0x5575bb578490_0;
    %load/vec4 v0x5575bb578660_0;
    %sub;
    %assign/vec4 v0x5575bb578870_0, 0;
    %jmp T_9.15;
T_9.2 ;
    %load/vec4 v0x5575bb578490_0;
    %load/vec4 v0x5575bb578660_0;
    %and;
    %assign/vec4 v0x5575bb578870_0, 0;
    %jmp T_9.15;
T_9.3 ;
    %load/vec4 v0x5575bb578490_0;
    %load/vec4 v0x5575bb578660_0;
    %or;
    %assign/vec4 v0x5575bb578870_0, 0;
    %jmp T_9.15;
T_9.4 ;
    %load/vec4 v0x5575bb578490_0;
    %load/vec4 v0x5575bb578660_0;
    %xor;
    %assign/vec4 v0x5575bb578870_0, 0;
    %jmp T_9.15;
T_9.5 ;
    %load/vec4 v0x5575bb578490_0;
    %load/vec4 v0x5575bb578660_0;
    %parti/s 5, 0, 2;
    %ix/vec4 4;
    %shiftl 4;
    %assign/vec4 v0x5575bb578870_0, 0;
    %jmp T_9.15;
T_9.6 ;
    %load/vec4 v0x5575bb578490_0;
    %load/vec4 v0x5575bb578660_0;
    %parti/s 5, 0, 2;
    %ix/vec4 4;
    %shiftr 4;
    %assign/vec4 v0x5575bb578870_0, 0;
    %jmp T_9.15;
T_9.7 ;
    %load/vec4 v0x5575bb578490_0;
    %load/vec4 v0x5575bb578660_0;
    %parti/s 5, 0, 2;
    %ix/vec4 4;
    %shiftr 4;
    %assign/vec4 v0x5575bb578870_0, 0;
    %jmp T_9.15;
T_9.8 ;
    %load/vec4 v0x5575bb578490_0;
    %load/vec4 v0x5575bb578660_0;
    %cmp/e;
    %flag_mov 8, 4;
    %jmp/0 T_9.16, 8;
    %pushi/vec4 1, 0, 32;
    %jmp/1 T_9.17, 8;
T_9.16 ; End of true expr.
    %pushi/vec4 0, 0, 32;
    %jmp/0 T_9.17, 8;
 ; End of false expr.
    %blend;
T_9.17;
    %assign/vec4 v0x5575bb578870_0, 0;
    %jmp T_9.15;
T_9.9 ;
    %load/vec4 v0x5575bb578490_0;
    %load/vec4 v0x5575bb578660_0;
    %cmp/u;
    %flag_mov 8, 5;
    %jmp/0 T_9.18, 8;
    %pushi/vec4 1, 0, 32;
    %jmp/1 T_9.19, 8;
T_9.18 ; End of true expr.
    %pushi/vec4 0, 0, 32;
    %jmp/0 T_9.19, 8;
 ; End of false expr.
    %blend;
T_9.19;
    %assign/vec4 v0x5575bb578870_0, 0;
    %jmp T_9.15;
T_9.10 ;
    %load/vec4 v0x5575bb578570_0;
    %load/vec4 v0x5575bb578740_0;
    %cmp/s;
    %flag_mov 8, 5;
    %jmp/0 T_9.20, 8;
    %pushi/vec4 1, 0, 32;
    %jmp/1 T_9.21, 8;
T_9.20 ; End of true expr.
    %pushi/vec4 0, 0, 32;
    %jmp/0 T_9.21, 8;
 ; End of false expr.
    %blend;
T_9.21;
    %assign/vec4 v0x5575bb578870_0, 0;
    %jmp T_9.15;
T_9.11 ;
    %load/vec4 v0x5575bb578660_0;
    %load/vec4 v0x5575bb578490_0;
    %cmp/u;
    %flag_or 5, 4;
    %flag_mov 8, 5;
    %jmp/0 T_9.22, 8;
    %pushi/vec4 1, 0, 32;
    %jmp/1 T_9.23, 8;
T_9.22 ; End of true expr.
    %pushi/vec4 0, 0, 32;
    %jmp/0 T_9.23, 8;
 ; End of false expr.
    %blend;
T_9.23;
    %assign/vec4 v0x5575bb578870_0, 0;
    %jmp T_9.15;
T_9.12 ;
    %load/vec4 v0x5575bb578740_0;
    %load/vec4 v0x5575bb578570_0;
    %cmp/s;
    %flag_or 5, 4;
    %flag_mov 8, 5;
    %jmp/0 T_9.24, 8;
    %pushi/vec4 1, 0, 32;
    %jmp/1 T_9.25, 8;
T_9.24 ; End of true expr.
    %pushi/vec4 0, 0, 32;
    %jmp/0 T_9.25, 8;
 ; End of false expr.
    %blend;
T_9.25;
    %assign/vec4 v0x5575bb578870_0, 0;
    %jmp T_9.15;
T_9.13 ;
    %load/vec4 v0x5575bb578570_0;
    %load/vec4 v0x5575bb578740_0;
    %add;
    %pushi/vec4 4294967294, 0, 32;
    %and;
    %assign/vec4 v0x5575bb578870_0, 0;
    %jmp T_9.15;
T_9.15 ;
    %pop/vec4 1;
    %jmp T_9;
    .thread T_9, $push;
    .scope S_0x5575bb57a0c0;
T_10 ;
    %wait E_0x5575bb57a3e0;
    %load/vec4 v0x5575bb57a880_0;
    %dup/vec4;
    %pushi/vec4 0, 0, 2;
    %cmp/u;
    %jmp/1 T_10.0, 6;
    %dup/vec4;
    %pushi/vec4 1, 0, 2;
    %cmp/u;
    %jmp/1 T_10.1, 6;
    %dup/vec4;
    %pushi/vec4 2, 0, 2;
    %cmp/u;
    %jmp/1 T_10.2, 6;
    %dup/vec4;
    %pushi/vec4 3, 0, 2;
    %cmp/u;
    %jmp/1 T_10.3, 6;
    %jmp T_10.4;
T_10.0 ;
    %load/vec4 v0x5575bb57a470_0;
    %assign/vec4 v0x5575bb57a9b0_0, 0;
    %jmp T_10.4;
T_10.1 ;
    %load/vec4 v0x5575bb57a570_0;
    %assign/vec4 v0x5575bb57a9b0_0, 0;
    %jmp T_10.4;
T_10.2 ;
    %load/vec4 v0x5575bb57a680_0;
    %assign/vec4 v0x5575bb57a9b0_0, 0;
    %jmp T_10.4;
T_10.3 ;
    %load/vec4 v0x5575bb57a770_0;
    %assign/vec4 v0x5575bb57a9b0_0, 0;
    %jmp T_10.4;
T_10.4 ;
    %pop/vec4 1;
    %jmp T_10;
    .thread T_10, $push;
    .scope S_0x5575bb579700;
T_11 ;
    %wait E_0x5575bb55ff10;
    %load/vec4 v0x5575bb579df0_0;
    %dup/vec4;
    %pushi/vec4 0, 0, 2;
    %cmp/u;
    %jmp/1 T_11.0, 6;
    %dup/vec4;
    %pushi/vec4 1, 0, 2;
    %cmp/u;
    %jmp/1 T_11.1, 6;
    %dup/vec4;
    %pushi/vec4 2, 0, 2;
    %cmp/u;
    %jmp/1 T_11.2, 6;
    %dup/vec4;
    %pushi/vec4 3, 0, 2;
    %cmp/u;
    %jmp/1 T_11.3, 6;
    %jmp T_11.4;
T_11.0 ;
    %load/vec4 v0x5575bb579a70_0;
    %assign/vec4 v0x5575bb579f20_0, 0;
    %jmp T_11.4;
T_11.1 ;
    %load/vec4 v0x5575bb579b80_0;
    %assign/vec4 v0x5575bb579f20_0, 0;
    %jmp T_11.4;
T_11.2 ;
    %load/vec4 v0x5575bb579c50_0;
    %assign/vec4 v0x5575bb579f20_0, 0;
    %jmp T_11.4;
T_11.3 ;
    %load/vec4 v0x5575bb579d50_0;
    %assign/vec4 v0x5575bb579f20_0, 0;
    %jmp T_11.4;
T_11.4 ;
    %pop/vec4 1;
    %jmp T_11;
    .thread T_11, $push;
    .scope S_0x5575bb5808f0;
T_12 ;
    %pushi/vec4 0, 0, 32;
    %store/vec4 v0x5575bb581160_0, 0, 32;
    %end;
    .thread T_12;
    .scope S_0x5575bb5808f0;
T_13 ;
    %vpi_call 13 31 "$readmemh", P_0x5575bb4f1010, v0x5575bb581000 {0 0 0};
    %end;
    .thread T_13;
    .scope S_0x5575bb5808f0;
T_14 ;
    %wait E_0x5575bb580db0;
    %load/vec4 v0x5575bb581330_0;
    %flag_set/vec4 8;
    %jmp/0xz  T_14.0, 8;
    %load/vec4 v0x5575bb5810a0_0;
    %dup/vec4;
    %pushi/vec4 0, 0, 3;
    %cmp/u;
    %jmp/1 T_14.2, 6;
    %dup/vec4;
    %pushi/vec4 1, 0, 3;
    %cmp/u;
    %jmp/1 T_14.3, 6;
    %dup/vec4;
    %pushi/vec4 5, 0, 3;
    %cmp/u;
    %jmp/1 T_14.4, 6;
    %dup/vec4;
    %pushi/vec4 2, 0, 3;
    %cmp/u;
    %jmp/1 T_14.5, 6;
    %dup/vec4;
    %pushi/vec4 6, 0, 3;
    %cmp/u;
    %jmp/1 T_14.6, 6;
    %load/vec4 v0x5575bb581270_0;
    %split/vec4 8;
    %load/vec4 v0x5575bb580e10_0;
    %pad/u 33;
    %addi 3, 0, 33;
    %ix/vec4 3;
    %ix/load 4, 0, 0; Constant delay
    %assign/vec4/a/d v0x5575bb581000, 0, 4;
    %split/vec4 8;
    %load/vec4 v0x5575bb580e10_0;
    %pad/u 33;
    %addi 2, 0, 33;
    %ix/vec4 3;
    %ix/load 4, 0, 0; Constant delay
    %assign/vec4/a/d v0x5575bb581000, 0, 4;
    %split/vec4 8;
    %load/vec4 v0x5575bb580e10_0;
    %pad/u 33;
    %addi 1, 0, 33;
    %ix/vec4 3;
    %ix/load 4, 0, 0; Constant delay
    %assign/vec4/a/d v0x5575bb581000, 0, 4;
    %ix/getv 3, v0x5575bb580e10_0;
    %ix/load 4, 0, 0; Constant delay
    %assign/vec4/a/d v0x5575bb581000, 0, 4;
    %jmp T_14.8;
T_14.2 ;
    %load/vec4 v0x5575bb581270_0;
    %split/vec4 8;
    %load/vec4 v0x5575bb580e10_0;
    %pad/u 33;
    %addi 3, 0, 33;
    %ix/vec4 3;
    %ix/load 4, 0, 0; Constant delay
    %assign/vec4/a/d v0x5575bb581000, 0, 4;
    %split/vec4 8;
    %load/vec4 v0x5575bb580e10_0;
    %pad/u 33;
    %addi 2, 0, 33;
    %ix/vec4 3;
    %ix/load 4, 0, 0; Constant delay
    %assign/vec4/a/d v0x5575bb581000, 0, 4;
    %split/vec4 8;
    %load/vec4 v0x5575bb580e10_0;
    %pad/u 33;
    %addi 1, 0, 33;
    %ix/vec4 3;
    %ix/load 4, 0, 0; Constant delay
    %assign/vec4/a/d v0x5575bb581000, 0, 4;
    %ix/getv 3, v0x5575bb580e10_0;
    %ix/load 4, 0, 0; Constant delay
    %assign/vec4/a/d v0x5575bb581000, 0, 4;
    %jmp T_14.8;
T_14.3 ;
    %load/vec4 v0x5575bb581270_0;
    %parti/s 16, 0, 2;
    %split/vec4 8;
    %load/vec4 v0x5575bb580e10_0;
    %pad/u 33;
    %addi 1, 0, 33;
    %ix/vec4 3;
    %ix/load 4, 0, 0; Constant delay
    %assign/vec4/a/d v0x5575bb581000, 0, 4;
    %ix/getv 3, v0x5575bb580e10_0;
    %ix/load 4, 0, 0; Constant delay
    %assign/vec4/a/d v0x5575bb581000, 0, 4;
    %jmp T_14.8;
T_14.4 ;
    %load/vec4 v0x5575bb581270_0;
    %parti/s 16, 0, 2;
    %split/vec4 8;
    %load/vec4 v0x5575bb580e10_0;
    %pad/u 33;
    %addi 1, 0, 33;
    %ix/vec4 3;
    %ix/load 4, 0, 0; Constant delay
    %assign/vec4/a/d v0x5575bb581000, 0, 4;
    %ix/getv 3, v0x5575bb580e10_0;
    %ix/load 4, 0, 0; Constant delay
    %assign/vec4/a/d v0x5575bb581000, 0, 4;
    %jmp T_14.8;
T_14.5 ;
    %load/vec4 v0x5575bb581270_0;
    %parti/s 8, 0, 2;
    %ix/getv 3, v0x5575bb580e10_0;
    %ix/load 4, 0, 0; Constant delay
    %assign/vec4/a/d v0x5575bb581000, 0, 4;
    %jmp T_14.8;
T_14.6 ;
    %load/vec4 v0x5575bb581270_0;
    %parti/s 8, 0, 2;
    %ix/getv 3, v0x5575bb580e10_0;
    %ix/load 4, 0, 0; Constant delay
    %assign/vec4/a/d v0x5575bb581000, 0, 4;
    %jmp T_14.8;
T_14.8 ;
    %pop/vec4 1;
T_14.0 ;
    %jmp T_14;
    .thread T_14;
    .scope S_0x5575bb5808f0;
T_15 ;
    %wait E_0x5575bb580d30;
    %load/vec4 v0x5575bb5810a0_0;
    %dup/vec4;
    %pushi/vec4 0, 0, 3;
    %cmp/u;
    %jmp/1 T_15.0, 6;
    %dup/vec4;
    %pushi/vec4 1, 0, 3;
    %cmp/u;
    %jmp/1 T_15.1, 6;
    %dup/vec4;
    %pushi/vec4 5, 0, 3;
    %cmp/u;
    %jmp/1 T_15.2, 6;
    %dup/vec4;
    %pushi/vec4 2, 0, 3;
    %cmp/u;
    %jmp/1 T_15.3, 6;
    %dup/vec4;
    %pushi/vec4 6, 0, 3;
    %cmp/u;
    %jmp/1 T_15.4, 6;
    %ix/getv 4, v0x5575bb580e10_0;
    %load/vec4a v0x5575bb581000, 4;
    %load/vec4 v0x5575bb580e10_0;
    %pad/u 33;
    %addi 1, 0, 33;
    %ix/vec4 4;
    %load/vec4a v0x5575bb581000, 4;
    %concat/vec4; draw_concat_vec4
    %load/vec4 v0x5575bb580e10_0;
    %pad/u 33;
    %addi 2, 0, 33;
    %ix/vec4 4;
    %load/vec4a v0x5575bb581000, 4;
    %concat/vec4; draw_concat_vec4
    %load/vec4 v0x5575bb580e10_0;
    %pad/u 33;
    %addi 3, 0, 33;
    %ix/vec4 4;
    %load/vec4a v0x5575bb581000, 4;
    %concat/vec4; draw_concat_vec4
    %assign/vec4 v0x5575bb581160_0, 0;
    %jmp T_15.6;
T_15.0 ;
    %ix/getv 4, v0x5575bb580e10_0;
    %load/vec4a v0x5575bb581000, 4;
    %load/vec4 v0x5575bb580e10_0;
    %pad/u 33;
    %addi 1, 0, 33;
    %ix/vec4 4;
    %load/vec4a v0x5575bb581000, 4;
    %concat/vec4; draw_concat_vec4
    %load/vec4 v0x5575bb580e10_0;
    %pad/u 33;
    %addi 2, 0, 33;
    %ix/vec4 4;
    %load/vec4a v0x5575bb581000, 4;
    %concat/vec4; draw_concat_vec4
    %load/vec4 v0x5575bb580e10_0;
    %pad/u 33;
    %addi 3, 0, 33;
    %ix/vec4 4;
    %load/vec4a v0x5575bb581000, 4;
    %concat/vec4; draw_concat_vec4
    %assign/vec4 v0x5575bb581160_0, 0;
    %jmp T_15.6;
T_15.1 ;
    %pushi/vec4 0, 0, 16;
    %ix/getv 4, v0x5575bb580e10_0;
    %load/vec4a v0x5575bb581000, 4;
    %concat/vec4; draw_concat_vec4
    %load/vec4 v0x5575bb580e10_0;
    %pad/u 33;
    %addi 1, 0, 33;
    %ix/vec4 4;
    %load/vec4a v0x5575bb581000, 4;
    %concat/vec4; draw_concat_vec4
    %assign/vec4 v0x5575bb581160_0, 0;
    %jmp T_15.6;
T_15.2 ;
    %ix/getv 4, v0x5575bb580e10_0;
    %load/vec4a v0x5575bb581000, 4;
    %parti/s 1, 7, 4;
    %replicate 16;
    %ix/getv 4, v0x5575bb580e10_0;
    %load/vec4a v0x5575bb581000, 4;
    %concat/vec4; draw_concat_vec4
    %load/vec4 v0x5575bb580e10_0;
    %pad/u 33;
    %addi 1, 0, 33;
    %ix/vec4 4;
    %load/vec4a v0x5575bb581000, 4;
    %concat/vec4; draw_concat_vec4
    %assign/vec4 v0x5575bb581160_0, 0;
    %jmp T_15.6;
T_15.3 ;
    %pushi/vec4 0, 0, 24;
    %ix/getv 4, v0x5575bb580e10_0;
    %load/vec4a v0x5575bb581000, 4;
    %concat/vec4; draw_concat_vec4
    %assign/vec4 v0x5575bb581160_0, 0;
    %jmp T_15.6;
T_15.4 ;
    %ix/getv 4, v0x5575bb580e10_0;
    %load/vec4a v0x5575bb581000, 4;
    %parti/s 1, 7, 4;
    %replicate 24;
    %ix/getv 4, v0x5575bb580e10_0;
    %load/vec4a v0x5575bb581000, 4;
    %concat/vec4; draw_concat_vec4
    %assign/vec4 v0x5575bb581160_0, 0;
    %jmp T_15.6;
T_15.6 ;
    %pop/vec4 1;
    %jmp T_15;
    .thread T_15;
    .scope S_0x5575bb540b50;
T_16 ;
    %pushi/vec4 0, 0, 1;
    %assign/vec4 v0x5575bb581800_0, 0;
    %end;
    .thread T_16;
    .scope S_0x5575bb540b50;
T_17 ;
    %delay 1, 0;
    %load/vec4 v0x5575bb581800_0;
    %inv;
    %assign/vec4 v0x5575bb581800_0, 0;
    %jmp T_17;
    .thread T_17;
    .scope S_0x5575bb540b50;
T_18 ;
    %pushi/vec4 1, 0, 1;
    %assign/vec4 v0x5575bb582560_0, 0;
    %pushi/vec4 0, 0, 2;
    %assign/vec4 v0x5575bb582180_0, 0;
    %delay 2, 0;
    %pushi/vec4 0, 0, 1;
    %assign/vec4 v0x5575bb582560_0, 0;
    %pushi/vec4 0, 0, 1;
    %assign/vec4 v0x5575bb582360_0, 0;
    %pushi/vec4 1, 1, 1;
    %assign/vec4 v0x5575bb582600_0, 0;
    %pushi/vec4 1, 1, 1;
    %assign/vec4 v0x5575bb5826a0_0, 0;
    %pushi/vec4 3, 3, 2;
    %assign/vec4 v0x5575bb582270_0, 0;
    %pushi/vec4 3, 3, 2;
    %assign/vec4 v0x5575bb582180_0, 0;
    %pushi/vec4 7, 7, 3;
    %assign/vec4 v0x5575bb581b60_0, 0;
    %pushi/vec4 15, 15, 4;
    %assign/vec4 v0x5575bb5814d0_0, 0;
    %pushi/vec4 1, 0, 1;
    %assign/vec4 v0x5575bb581710_0, 0;
    %pushi/vec4 0, 0, 1;
    %assign/vec4 v0x5575bb582090_0, 0;
    %pushi/vec4 1, 0, 1;
    %assign/vec4 v0x5575bb581c70_0, 0;
    %pushi/vec4 0, 0, 1;
    %assign/vec4 v0x5575bb581600_0, 0;
    %pushi/vec4 1, 0, 1;
    %assign/vec4 v0x5575bb581fa0_0, 0;
    %pushi/vec4 0, 0, 1;
    %assign/vec4 v0x5575bb581e60_0, 0;
    %pushi/vec4 0, 0, 3;
    %assign/vec4 v0x5575bb581da0_0, 0;
    %delay 2, 0;
    %pushi/vec4 0, 0, 1;
    %assign/vec4 v0x5575bb582560_0, 0;
    %pushi/vec4 1, 0, 1;
    %assign/vec4 v0x5575bb582360_0, 0;
    %pushi/vec4 0, 0, 1;
    %assign/vec4 v0x5575bb582600_0, 0;
    %pushi/vec4 1, 0, 1;
    %assign/vec4 v0x5575bb5826a0_0, 0;
    %pushi/vec4 1, 0, 2;
    %assign/vec4 v0x5575bb582270_0, 0;
    %pushi/vec4 0, 0, 2;
    %assign/vec4 v0x5575bb582180_0, 0;
    %pushi/vec4 3, 0, 3;
    %assign/vec4 v0x5575bb581b60_0, 0;
    %pushi/vec4 0, 0, 4;
    %assign/vec4 v0x5575bb5814d0_0, 0;
    %pushi/vec4 0, 0, 1;
    %assign/vec4 v0x5575bb581710_0, 0;
    %pushi/vec4 1, 0, 1;
    %assign/vec4 v0x5575bb582090_0, 0;
    %pushi/vec4 0, 0, 1;
    %assign/vec4 v0x5575bb581c70_0, 0;
    %pushi/vec4 0, 0, 1;
    %assign/vec4 v0x5575bb581600_0, 0;
    %pushi/vec4 0, 0, 1;
    %assign/vec4 v0x5575bb581fa0_0, 0;
    %pushi/vec4 0, 0, 1;
    %assign/vec4 v0x5575bb581e60_0, 0;
    %pushi/vec4 7, 7, 3;
    %assign/vec4 v0x5575bb581da0_0, 0;
    %delay 2, 0;
    %pushi/vec4 0, 0, 1;
    %assign/vec4 v0x5575bb582560_0, 0;
    %pushi/vec4 0, 0, 1;
    %assign/vec4 v0x5575bb582360_0, 0;
    %pushi/vec4 1, 1, 1;
    %assign/vec4 v0x5575bb582600_0, 0;
    %pushi/vec4 1, 1, 1;
    %assign/vec4 v0x5575bb5826a0_0, 0;
    %pushi/vec4 3, 3, 2;
    %assign/vec4 v0x5575bb582270_0, 0;
    %pushi/vec4 3, 3, 2;
    %assign/vec4 v0x5575bb582180_0, 0;
    %pushi/vec4 7, 7, 3;
    %assign/vec4 v0x5575bb581b60_0, 0;
    %pushi/vec4 15, 15, 4;
    %assign/vec4 v0x5575bb5814d0_0, 0;
    %pushi/vec4 1, 0, 1;
    %assign/vec4 v0x5575bb581710_0, 0;
    %pushi/vec4 0, 0, 1;
    %assign/vec4 v0x5575bb582090_0, 0;
    %pushi/vec4 1, 0, 1;
    %assign/vec4 v0x5575bb581c70_0, 0;
    %pushi/vec4 0, 0, 1;
    %assign/vec4 v0x5575bb581600_0, 0;
    %pushi/vec4 1, 0, 1;
    %assign/vec4 v0x5575bb581fa0_0, 0;
    %pushi/vec4 0, 0, 1;
    %assign/vec4 v0x5575bb581e60_0, 0;
    %pushi/vec4 0, 0, 3;
    %assign/vec4 v0x5575bb581da0_0, 0;
    %delay 2, 0;
    %pushi/vec4 0, 0, 1;
    %assign/vec4 v0x5575bb582560_0, 0;
    %pushi/vec4 1, 0, 1;
    %assign/vec4 v0x5575bb582360_0, 0;
    %pushi/vec4 0, 0, 1;
    %assign/vec4 v0x5575bb582600_0, 0;
    %pushi/vec4 1, 0, 1;
    %assign/vec4 v0x5575bb5826a0_0, 0;
    %pushi/vec4 1, 0, 2;
    %assign/vec4 v0x5575bb582270_0, 0;
    %pushi/vec4 0, 0, 2;
    %assign/vec4 v0x5575bb582180_0, 0;
    %pushi/vec4 3, 0, 3;
    %assign/vec4 v0x5575bb581b60_0, 0;
    %pushi/vec4 0, 0, 4;
    %assign/vec4 v0x5575bb5814d0_0, 0;
    %pushi/vec4 0, 0, 1;
    %assign/vec4 v0x5575bb581710_0, 0;
    %pushi/vec4 1, 0, 1;
    %assign/vec4 v0x5575bb582090_0, 0;
    %pushi/vec4 0, 0, 1;
    %assign/vec4 v0x5575bb581c70_0, 0;
    %pushi/vec4 0, 0, 1;
    %assign/vec4 v0x5575bb581600_0, 0;
    %pushi/vec4 0, 0, 1;
    %assign/vec4 v0x5575bb581fa0_0, 0;
    %pushi/vec4 0, 0, 1;
    %assign/vec4 v0x5575bb581e60_0, 0;
    %pushi/vec4 7, 7, 3;
    %assign/vec4 v0x5575bb581da0_0, 0;
    %delay 2, 0;
    %pushi/vec4 0, 0, 1;
    %assign/vec4 v0x5575bb582560_0, 0;
    %pushi/vec4 0, 0, 1;
    %assign/vec4 v0x5575bb582360_0, 0;
    %pushi/vec4 1, 1, 1;
    %assign/vec4 v0x5575bb582600_0, 0;
    %pushi/vec4 1, 1, 1;
    %assign/vec4 v0x5575bb5826a0_0, 0;
    %pushi/vec4 3, 3, 2;
    %assign/vec4 v0x5575bb582270_0, 0;
    %pushi/vec4 3, 3, 2;
    %assign/vec4 v0x5575bb582180_0, 0;
    %pushi/vec4 7, 7, 3;
    %assign/vec4 v0x5575bb581b60_0, 0;
    %pushi/vec4 15, 15, 4;
    %assign/vec4 v0x5575bb5814d0_0, 0;
    %pushi/vec4 1, 0, 1;
    %assign/vec4 v0x5575bb581710_0, 0;
    %pushi/vec4 0, 0, 1;
    %assign/vec4 v0x5575bb582090_0, 0;
    %pushi/vec4 1, 0, 1;
    %assign/vec4 v0x5575bb581c70_0, 0;
    %pushi/vec4 0, 0, 1;
    %assign/vec4 v0x5575bb581600_0, 0;
    %pushi/vec4 1, 0, 1;
    %assign/vec4 v0x5575bb581fa0_0, 0;
    %pushi/vec4 0, 0, 1;
    %assign/vec4 v0x5575bb581e60_0, 0;
    %pushi/vec4 0, 0, 3;
    %assign/vec4 v0x5575bb581da0_0, 0;
    %delay 2, 0;
    %pushi/vec4 0, 0, 1;
    %assign/vec4 v0x5575bb582560_0, 0;
    %pushi/vec4 1, 0, 1;
    %assign/vec4 v0x5575bb582360_0, 0;
    %pushi/vec4 0, 0, 1;
    %assign/vec4 v0x5575bb582600_0, 0;
    %pushi/vec4 0, 0, 1;
    %assign/vec4 v0x5575bb5826a0_0, 0;
    %pushi/vec4 1, 0, 2;
    %assign/vec4 v0x5575bb582270_0, 0;
    %pushi/vec4 0, 0, 2;
    %assign/vec4 v0x5575bb582180_0, 0;
    %pushi/vec4 7, 7, 3;
    %assign/vec4 v0x5575bb581b60_0, 0;
    %pushi/vec4 0, 0, 4;
    %assign/vec4 v0x5575bb5814d0_0, 0;
    %pushi/vec4 0, 0, 1;
    %assign/vec4 v0x5575bb581710_0, 0;
    %pushi/vec4 1, 0, 1;
    %assign/vec4 v0x5575bb582090_0, 0;
    %pushi/vec4 0, 0, 1;
    %assign/vec4 v0x5575bb581c70_0, 0;
    %pushi/vec4 0, 0, 1;
    %assign/vec4 v0x5575bb581600_0, 0;
    %pushi/vec4 0, 0, 1;
    %assign/vec4 v0x5575bb581fa0_0, 0;
    %pushi/vec4 0, 0, 1;
    %assign/vec4 v0x5575bb581e60_0, 0;
    %pushi/vec4 7, 7, 3;
    %assign/vec4 v0x5575bb581da0_0, 0;
    %delay 2, 0;
    %pushi/vec4 0, 0, 1;
    %assign/vec4 v0x5575bb582560_0, 0;
    %pushi/vec4 0, 0, 1;
    %assign/vec4 v0x5575bb582360_0, 0;
    %pushi/vec4 1, 1, 1;
    %assign/vec4 v0x5575bb582600_0, 0;
    %pushi/vec4 1, 1, 1;
    %assign/vec4 v0x5575bb5826a0_0, 0;
    %pushi/vec4 3, 3, 2;
    %assign/vec4 v0x5575bb582270_0, 0;
    %pushi/vec4 3, 3, 2;
    %assign/vec4 v0x5575bb582180_0, 0;
    %pushi/vec4 7, 7, 3;
    %assign/vec4 v0x5575bb581b60_0, 0;
    %pushi/vec4 15, 15, 4;
    %assign/vec4 v0x5575bb5814d0_0, 0;
    %pushi/vec4 1, 0, 1;
    %assign/vec4 v0x5575bb581710_0, 0;
    %pushi/vec4 0, 0, 1;
    %assign/vec4 v0x5575bb582090_0, 0;
    %pushi/vec4 1, 0, 1;
    %assign/vec4 v0x5575bb581c70_0, 0;
    %pushi/vec4 0, 0, 1;
    %assign/vec4 v0x5575bb581600_0, 0;
    %pushi/vec4 1, 0, 1;
    %assign/vec4 v0x5575bb581fa0_0, 0;
    %pushi/vec4 0, 0, 1;
    %assign/vec4 v0x5575bb581e60_0, 0;
    %pushi/vec4 0, 0, 3;
    %assign/vec4 v0x5575bb581da0_0, 0;
    %delay 2, 0;
    %pushi/vec4 0, 0, 1;
    %assign/vec4 v0x5575bb582560_0, 0;
    %pushi/vec4 0, 0, 1;
    %assign/vec4 v0x5575bb582360_0, 0;
    %pushi/vec4 0, 0, 1;
    %assign/vec4 v0x5575bb582600_0, 0;
    %pushi/vec4 1, 0, 1;
    %assign/vec4 v0x5575bb5826a0_0, 0;
    %pushi/vec4 3, 3, 2;
    %assign/vec4 v0x5575bb582270_0, 0;
    %pushi/vec4 0, 0, 2;
    %assign/vec4 v0x5575bb582180_0, 0;
    %pushi/vec4 1, 0, 3;
    %assign/vec4 v0x5575bb581b60_0, 0;
    %pushi/vec4 0, 0, 4;
    %assign/vec4 v0x5575bb5814d0_0, 0;
    %pushi/vec4 0, 0, 1;
    %assign/vec4 v0x5575bb581710_0, 0;
    %pushi/vec4 1, 0, 1;
    %assign/vec4 v0x5575bb582090_0, 0;
    %pushi/vec4 0, 0, 1;
    %assign/vec4 v0x5575bb581c70_0, 0;
    %pushi/vec4 1, 0, 1;
    %assign/vec4 v0x5575bb581600_0, 0;
    %pushi/vec4 0, 0, 1;
    %assign/vec4 v0x5575bb581fa0_0, 0;
    %pushi/vec4 1, 0, 1;
    %assign/vec4 v0x5575bb581e60_0, 0;
    %pushi/vec4 0, 0, 3;
    %assign/vec4 v0x5575bb581da0_0, 0;
    %delay 2, 0;
    %pushi/vec4 0, 0, 1;
    %assign/vec4 v0x5575bb582560_0, 0;
    %pushi/vec4 0, 0, 1;
    %assign/vec4 v0x5575bb582360_0, 0;
    %pushi/vec4 1, 1, 1;
    %assign/vec4 v0x5575bb582600_0, 0;
    %pushi/vec4 1, 1, 1;
    %assign/vec4 v0x5575bb5826a0_0, 0;
    %pushi/vec4 3, 3, 2;
    %assign/vec4 v0x5575bb582270_0, 0;
    %pushi/vec4 3, 3, 2;
    %assign/vec4 v0x5575bb582180_0, 0;
    %pushi/vec4 7, 7, 3;
    %assign/vec4 v0x5575bb581b60_0, 0;
    %pushi/vec4 15, 15, 4;
    %assign/vec4 v0x5575bb5814d0_0, 0;
    %pushi/vec4 1, 0, 1;
    %assign/vec4 v0x5575bb581710_0, 0;
    %pushi/vec4 0, 0, 1;
    %assign/vec4 v0x5575bb582090_0, 0;
    %pushi/vec4 1, 0, 1;
    %assign/vec4 v0x5575bb581c70_0, 0;
    %pushi/vec4 0, 0, 1;
    %assign/vec4 v0x5575bb581600_0, 0;
    %pushi/vec4 1, 0, 1;
    %assign/vec4 v0x5575bb581fa0_0, 0;
    %pushi/vec4 0, 0, 1;
    %assign/vec4 v0x5575bb581e60_0, 0;
    %pushi/vec4 0, 0, 3;
    %assign/vec4 v0x5575bb581da0_0, 0;
    %delay 2, 0;
    %vpi_call 3 243 "$finish" {0 0 0};
    %end;
    .thread T_18;
    .scope S_0x5575bb540b50;
T_19 ;
    %vpi_call 3 248 "$dumpfile", "datapath_tb.vcd" {0 0 0};
    %vpi_call 3 250 "$dumpvars", 32'sb00000000000000000000000000000000, S_0x5575bb540b50 {0 0 0};
    %pushi/vec4 0, 0, 32;
    %store/vec4 v0x5575bb581a80_0, 0, 32;
T_19.0 ;
    %load/vec4 v0x5575bb581a80_0;
    %cmpi/s 32, 0, 32;
    %jmp/0xz T_19.1, 5;
    %vpi_call 3 252 "$dumpvars", 32'sb00000000000000000000000000000000, &A<v0x5575bb57ec60, v0x5575bb581a80_0 > {0 0 0};
    %load/vec4 v0x5575bb581a80_0;
    %addi 1, 0, 32;
    %store/vec4 v0x5575bb581a80_0, 0, 32;
    %jmp T_19.0;
T_19.1 ;
    %pushi/vec4 0, 0, 32;
    %store/vec4 v0x5575bb581a80_0, 0, 32;
T_19.2 ;
    %load/vec4 v0x5575bb581a80_0;
    %cmpi/s 256, 0, 32;
    %jmp/0xz T_19.3, 5;
    %vpi_call 3 255 "$dumpvars", 32'sb00000000000000000000000000000000, &A<v0x5575bb581000, v0x5575bb581a80_0 > {0 0 0};
    %load/vec4 v0x5575bb581a80_0;
    %addi 1, 0, 32;
    %store/vec4 v0x5575bb581a80_0, 0, 32;
    %jmp T_19.2;
T_19.3 ;
    %end;
    .thread T_19;
    .scope S_0x5575bb53fd30;
T_20 ;
    %pushi/vec4 0, 0, 32;
    %store/vec4 v0x5575bb582990_0, 0, 32;
    %end;
    .thread T_20;
    .scope S_0x5575bb53fd30;
T_21 ;
    %wait E_0x5575bb580c50;
    %load/vec4 v0x5575bb582a50_0;
    %flag_set/vec4 8;
    %jmp/0 T_21.0, 8;
    %pushi/vec4 0, 0, 32;
    %jmp/1 T_21.1, 8;
T_21.0 ; End of true expr.
    %load/vec4 v0x5575bb5828b0_0;
    %jmp/0 T_21.1, 8;
 ; End of false expr.
    %blend;
T_21.1;
    %assign/vec4 v0x5575bb582990_0, 0;
    %jmp T_21;
    .thread T_21;
# The file index is used to find the file name in the following table.
:file_names 15;
    "N/A";
    "<interactive>";
    "../../source/control_logic.v";
    "datapath_tb.v";
    "../../source/datapath.v";
    "../../source/adder.v";
    "../../source/alu32.v";
    "../../source/extend.v";
    "../../source/mux2.v";
    "../../source/mux4.v";
    "../../source/flopren.v";
    "../../source/tri_buf.v";
    "../../source/regfile.v";
    "../../source/mem.v";
    "../../source/flopr.v";
